2026-01-14 04:19:34 - CalendarWatcher - INFO - CalendarWatcher initialized
2026-01-14 04:19:34 - CalendarWatcher - INFO -   Vault: C:\Users\Najma-LP\Desktop\My Vault\AI_Employee_Vault
2026-01-14 04:19:34 - CalendarWatcher - INFO -   Output: C:\Users\Najma-LP\Desktop\My Vault\AI_Employee_Vault\Needs_Action
2026-01-14 04:19:34 - CalendarWatcher - INFO -   Check interval: 300s
2026-01-14 04:19:34 - CalendarWatcher - ERROR - Credentials file not found: C:\Users\Najma-LP\Desktop\My Vault\watchers\credentials\calendar_credentials.json
2026-01-14 04:19:34 - CalendarWatcher - ERROR - Please set up Google Calendar API credentials first.
2026-01-14 04:19:34 - CalendarWatcher - ERROR - See watchers/CALENDAR_SETUP.md for instructions.
2026-01-14 04:24:39 - CalendarWatcher - INFO - CalendarWatcher initialized
2026-01-14 04:24:39 - CalendarWatcher - INFO -   Vault: C:\Users\Najma-LP\Desktop\My Vault\AI_Employee_Vault
2026-01-14 04:24:39 - CalendarWatcher - INFO -   Output: C:\Users\Najma-LP\Desktop\My Vault\AI_Employee_Vault\Needs_Action
2026-01-14 04:24:39 - CalendarWatcher - INFO -   Check interval: 300s
2026-01-14 04:24:39 - CalendarWatcher - INFO - Starting OAuth 2.0 flow...
2026-01-14 04:24:39 - CalendarWatcher - INFO - Your browser will open for authentication...
2026-01-14 04:26:03 - CalendarWatcher - INFO - OAuth flow completed successfully
2026-01-14 04:26:03 - CalendarWatcher - INFO - Credentials saved to token file
2026-01-14 04:26:04 - CalendarWatcher - INFO - ✓ Google Calendar API authenticated successfully
2026-01-14 04:26:04 - CalendarWatcher - INFO -   Hours ahead: 48
2026-01-14 04:26:04 - CalendarWatcher - INFO -   Min hours ahead: 1
2026-01-14 04:26:04 - CalendarWatcher - INFO -   Monitoring calendars: primary
2026-01-14 04:26:04 - CalendarWatcher - INFO - ======================================================================
2026-01-14 04:26:04 - CalendarWatcher - INFO - CalendarWatcher started
2026-01-14 04:26:04 - CalendarWatcher - INFO - Check interval: 300 seconds
2026-01-14 04:26:04 - CalendarWatcher - INFO - Press Ctrl+C to stop
2026-01-14 04:26:04 - CalendarWatcher - INFO - ======================================================================
2026-01-14 04:27:37 - CalendarWatcher - INFO - CalendarWatcher initialized
2026-01-14 04:27:37 - CalendarWatcher - INFO -   Vault: C:\Users\Najma-LP\Desktop\My Vault\AI_Employee_Vault
2026-01-14 04:27:37 - CalendarWatcher - INFO -   Output: C:\Users\Najma-LP\Desktop\My Vault\AI_Employee_Vault\Needs_Action
2026-01-14 04:27:37 - CalendarWatcher - INFO -   Check interval: 60s
2026-01-14 04:27:37 - CalendarWatcher - INFO - Loaded existing credentials from token file
2026-01-14 04:27:38 - CalendarWatcher - INFO - ✓ Google Calendar API authenticated successfully
2026-01-14 04:27:38 - CalendarWatcher - INFO -   Hours ahead: 48
2026-01-14 04:27:38 - CalendarWatcher - INFO -   Min hours ahead: 1
2026-01-14 04:27:38 - CalendarWatcher - INFO -   Monitoring calendars: primary
2026-01-14 04:27:39 - CalendarWatcher - INFO - CalendarWatcher initialized
2026-01-14 04:27:39 - CalendarWatcher - INFO -   Vault: C:\Users\Najma-LP\Desktop\My Vault\AI_Employee_Vault
2026-01-14 04:27:39 - CalendarWatcher - INFO -   Output: C:\Users\Najma-LP\Desktop\My Vault\AI_Employee_Vault\Needs_Action
2026-01-14 04:27:39 - CalendarWatcher - INFO -   Check interval: 60s
2026-01-14 04:27:39 - CalendarWatcher - INFO - Loaded existing credentials from token file
2026-01-14 04:27:39 - CalendarWatcher - INFO - ✓ Google Calendar API authenticated successfully
2026-01-14 04:27:39 - CalendarWatcher - INFO -   Hours ahead: 24
2026-01-14 04:27:39 - CalendarWatcher - INFO -   Min hours ahead: 1
2026-01-14 04:27:39 - CalendarWatcher - INFO -   Monitoring calendars: primary
2026-01-14 04:27:40 - CalendarWatcher - INFO - CalendarWatcher initialized
2026-01-14 04:27:40 - CalendarWatcher - INFO -   Vault: C:\Users\Najma-LP\Desktop\My Vault\AI_Employee_Vault
2026-01-14 04:27:40 - CalendarWatcher - INFO -   Output: C:\Users\Najma-LP\Desktop\My Vault\AI_Employee_Vault\Needs_Action
2026-01-14 04:27:40 - CalendarWatcher - INFO -   Check interval: 60s
2026-01-14 04:27:40 - CalendarWatcher - INFO - Loaded existing credentials from token file
2026-01-14 04:27:40 - CalendarWatcher - INFO - ✓ Google Calendar API authenticated successfully
2026-01-14 04:27:40 - CalendarWatcher - INFO -   Hours ahead: 72
2026-01-14 04:27:40 - CalendarWatcher - INFO -   Min hours ahead: 2
2026-01-14 04:27:40 - CalendarWatcher - INFO -   Monitoring calendars: primary
2026-01-14 04:27:41 - CalendarWatcher - INFO - CalendarWatcher initialized
2026-01-14 04:27:41 - CalendarWatcher - INFO -   Vault: C:\Users\Najma-LP\Desktop\My Vault\AI_Employee_Vault
2026-01-14 04:27:41 - CalendarWatcher - INFO -   Output: C:\Users\Najma-LP\Desktop\My Vault\AI_Employee_Vault\Needs_Action
2026-01-14 04:27:41 - CalendarWatcher - INFO -   Check interval: 60s
2026-01-14 04:27:41 - CalendarWatcher - INFO - Loaded existing credentials from token file
2026-01-14 04:27:41 - CalendarWatcher - INFO - ✓ Google Calendar API authenticated successfully
2026-01-14 04:27:41 - CalendarWatcher - INFO -   Hours ahead: 168
2026-01-14 04:27:41 - CalendarWatcher - INFO -   Min hours ahead: 0
2026-01-14 04:27:41 - CalendarWatcher - INFO -   Monitoring calendars: primary
2026-01-14 04:27:42 - CalendarWatcher - INFO - CalendarWatcher initialized
2026-01-14 04:27:42 - CalendarWatcher - INFO -   Vault: C:\Users\Najma-LP\Desktop\My Vault\AI_Employee_Vault
2026-01-14 04:27:42 - CalendarWatcher - INFO -   Output: C:\Users\Najma-LP\Desktop\My Vault\AI_Employee_Vault\Needs_Action
2026-01-14 04:27:42 - CalendarWatcher - INFO -   Check interval: 60s
2026-01-14 04:27:42 - CalendarWatcher - INFO - Loaded existing credentials from token file
2026-01-14 04:27:42 - CalendarWatcher - INFO - ✓ Google Calendar API authenticated successfully
2026-01-14 04:27:42 - CalendarWatcher - INFO -   Hours ahead: 48
2026-01-14 04:27:42 - CalendarWatcher - INFO -   Min hours ahead: 1
2026-01-14 04:27:42 - CalendarWatcher - INFO -   Monitoring calendars: primary
2026-01-14 04:27:43 - CalendarWatcher - INFO - CalendarWatcher initialized
2026-01-14 04:27:43 - CalendarWatcher - INFO -   Vault: C:\Users\Najma-LP\Desktop\My Vault\AI_Employee_Vault
2026-01-14 04:27:43 - CalendarWatcher - INFO -   Output: C:\Users\Najma-LP\Desktop\My Vault\AI_Employee_Vault\Needs_Action
2026-01-14 04:27:43 - CalendarWatcher - INFO -   Check interval: 60s
2026-01-14 04:27:43 - CalendarWatcher - INFO - Loaded existing credentials from token file
2026-01-14 04:27:43 - CalendarWatcher - INFO - ✓ Google Calendar API authenticated successfully
2026-01-14 04:27:43 - CalendarWatcher - INFO -   Hours ahead: 48
2026-01-14 04:27:43 - CalendarWatcher - INFO -   Min hours ahead: 1
2026-01-14 04:27:43 - CalendarWatcher - INFO -   Monitoring calendars: en.pk#holiday@group.v.calendar.google.com, classroom117619559614817910839@group.calendar.google.com, mathnj120@gmail.com
2026-01-14 04:27:45 - CalendarWatcher - INFO - CalendarWatcher initialized
2026-01-14 04:27:45 - CalendarWatcher - INFO -   Vault: C:\Users\Najma-LP\Desktop\My Vault\AI_Employee_Vault
2026-01-14 04:27:45 - CalendarWatcher - INFO -   Output: C:\Users\Najma-LP\Desktop\My Vault\AI_Employee_Vault\Needs_Action
2026-01-14 04:27:45 - CalendarWatcher - INFO -   Check interval: 60s
2026-01-14 04:27:45 - CalendarWatcher - INFO - Loaded existing credentials from token file
2026-01-14 04:27:45 - CalendarWatcher - INFO - ✓ Google Calendar API authenticated successfully
2026-01-14 04:27:45 - CalendarWatcher - INFO -   Hours ahead: 48
2026-01-14 04:27:45 - CalendarWatcher - INFO -   Min hours ahead: 1
2026-01-14 04:27:45 - CalendarWatcher - INFO -   Monitoring calendars: primary
2026-01-14 12:14:55 - CalendarWatcher - INFO - CalendarWatcher initialized
2026-01-14 12:14:55 - CalendarWatcher - INFO -   Vault: C:\Users\Najma-LP\Desktop\My Vault\AI_Employee_Vault
2026-01-14 12:14:55 - CalendarWatcher - INFO -   Output: C:\Users\Najma-LP\Desktop\My Vault\AI_Employee_Vault\Needs_Action
2026-01-14 12:14:55 - CalendarWatcher - INFO -   Check interval: 300s
2026-01-14 12:14:55 - CalendarWatcher - INFO - Loaded existing credentials from token file
2026-01-14 12:14:55 - CalendarWatcher - INFO - Refreshing expired credentials...
2026-01-14 12:14:56 - CalendarWatcher - INFO - Credentials refreshed successfully
2026-01-14 12:14:57 - CalendarWatcher - INFO - Credentials saved to token file
2026-01-14 12:14:57 - CalendarWatcher - INFO - ✓ Google Calendar API authenticated successfully
2026-01-14 12:14:57 - CalendarWatcher - INFO -   Hours ahead: 48
2026-01-14 12:14:57 - CalendarWatcher - INFO -   Min hours ahead: 1
2026-01-14 12:14:57 - CalendarWatcher - INFO -   Monitoring calendars: primary
2026-01-14 12:14:57 - CalendarWatcher - INFO - ======================================================================
2026-01-14 12:14:57 - CalendarWatcher - INFO - CalendarWatcher started
2026-01-14 12:14:57 - CalendarWatcher - INFO - Check interval: 300 seconds
2026-01-14 12:14:57 - CalendarWatcher - INFO - Press Ctrl+C to stop
2026-01-14 12:14:57 - CalendarWatcher - INFO - ======================================================================
2026-01-14 12:17:16 - CalendarWatcher - INFO - CalendarWatcher initialized
2026-01-14 12:17:16 - CalendarWatcher - INFO -   Vault: C:\Users\Najma-LP\Desktop\My Vault\AI_Employee_Vault
2026-01-14 12:17:16 - CalendarWatcher - INFO -   Output: C:\Users\Najma-LP\Desktop\My Vault\AI_Employee_Vault\Needs_Action
2026-01-14 12:17:16 - CalendarWatcher - INFO -   Check interval: 60s
2026-01-14 12:17:16 - CalendarWatcher - INFO - Loaded existing credentials from token file
2026-01-14 12:17:16 - CalendarWatcher - INFO - ✓ Google Calendar API authenticated successfully
2026-01-14 12:17:16 - CalendarWatcher - INFO -   Hours ahead: 48
2026-01-14 12:17:16 - CalendarWatcher - INFO -   Min hours ahead: 1
2026-01-14 12:17:16 - CalendarWatcher - INFO -   Monitoring calendars: primary
2026-01-14 12:19:13 - CalendarWatcher - INFO - CalendarWatcher initialized
2026-01-14 12:19:13 - CalendarWatcher - INFO -   Vault: C:\Users\Najma-LP\Desktop\My Vault\AI_Employee_Vault
2026-01-14 12:19:13 - CalendarWatcher - INFO -   Output: C:\Users\Najma-LP\Desktop\My Vault\AI_Employee_Vault\Needs_Action
2026-01-14 12:19:13 - CalendarWatcher - INFO -   Check interval: 60s
2026-01-14 12:19:13 - CalendarWatcher - INFO - Loaded existing credentials from token file
2026-01-14 12:19:13 - CalendarWatcher - INFO - ✓ Google Calendar API authenticated successfully
2026-01-14 12:19:13 - CalendarWatcher - INFO -   Hours ahead: 48
2026-01-14 12:19:13 - CalendarWatcher - INFO -   Min hours ahead: 1
2026-01-14 12:19:13 - CalendarWatcher - INFO -   Monitoring calendars: primary
2026-01-14 12:19:14 - CalendarWatcher - INFO - Found 1 new upcoming event(s)
2026-01-14 12:19:14 - CalendarWatcher - INFO - ✓ Created task for event: Test (in 19h)
2026-01-14 12:19:30 - CalendarWatcher - INFO - Loaded 1 processed items from cache
2026-01-14 12:19:30 - CalendarWatcher - INFO - CalendarWatcher initialized
2026-01-14 12:19:30 - CalendarWatcher - INFO -   Vault: C:\Users\Najma-LP\Desktop\My Vault\AI_Employee_Vault
2026-01-14 12:19:30 - CalendarWatcher - INFO -   Output: C:\Users\Najma-LP\Desktop\My Vault\AI_Employee_Vault\Needs_Action
2026-01-14 12:19:30 - CalendarWatcher - INFO -   Check interval: 300s
2026-01-14 12:19:30 - CalendarWatcher - INFO - Loaded existing credentials from token file
2026-01-14 12:19:30 - CalendarWatcher - INFO - ✓ Google Calendar API authenticated successfully
2026-01-14 12:19:30 - CalendarWatcher - INFO -   Hours ahead: 48
2026-01-14 12:19:30 - CalendarWatcher - INFO -   Min hours ahead: 1
2026-01-14 12:19:30 - CalendarWatcher - INFO -   Monitoring calendars: primary
2026-01-14 12:19:30 - CalendarWatcher - INFO - ======================================================================
2026-01-14 12:19:30 - CalendarWatcher - INFO - CalendarWatcher started
2026-01-14 12:19:30 - CalendarWatcher - INFO - Check interval: 300 seconds
2026-01-14 12:19:30 - CalendarWatcher - INFO - Press Ctrl+C to stop
2026-01-14 12:19:30 - CalendarWatcher - INFO - ======================================================================
2026-01-14 13:02:29 - CalendarWatcher - INFO - Loaded 1 processed items from cache
2026-01-14 13:02:29 - CalendarWatcher - INFO - CalendarWatcher initialized
2026-01-14 13:02:29 - CalendarWatcher - INFO -   Vault: C:\Users\Najma-LP\Desktop\My Vault\AI_Employee_Vault
2026-01-14 13:02:29 - CalendarWatcher - INFO -   Output: C:\Users\Najma-LP\Desktop\My Vault\AI_Employee_Vault\Needs_Action
2026-01-14 13:02:29 - CalendarWatcher - INFO -   Check interval: 300s
2026-01-14 13:02:29 - CalendarWatcher - INFO - Loaded existing credentials from token file
2026-01-14 13:02:29 - CalendarWatcher - INFO - ✓ Google Calendar API authenticated successfully
2026-01-14 13:02:29 - CalendarWatcher - INFO -   Hours ahead: 48
2026-01-14 13:02:29 - CalendarWatcher - INFO -   Min hours ahead: 1
2026-01-14 13:02:29 - CalendarWatcher - INFO -   Monitoring calendars: primary
2026-01-14 13:02:29 - CalendarWatcher - INFO - ======================================================================
2026-01-14 13:02:29 - CalendarWatcher - INFO - CalendarWatcher started
2026-01-14 13:02:29 - CalendarWatcher - INFO - Check interval: 300 seconds
2026-01-14 13:02:29 - CalendarWatcher - INFO - Press Ctrl+C to stop
2026-01-14 13:02:29 - CalendarWatcher - INFO - ======================================================================
