2026-01-14 12:32:32,218 - INFO - Loaded 105 processed message IDs
2026-01-14 12:32:32,218 - INFO - Gmail Watcher initialized
2026-01-14 12:32:32,218 - INFO -   Vault: C:\Users\Najma-LP\Desktop\My Vault\AI_Employee_Vault
2026-01-14 12:32:32,219 - INFO -   Output to: C:\Users\Najma-LP\Desktop\My Vault\AI_Employee_Vault\Needs_Action
2026-01-14 12:32:32,227 - INFO - Refreshing expired credentials...
2026-01-14 12:32:32,700 - INFO - Credentials saved
2026-01-14 12:32:32,709 - INFO - file_cache is only supported with oauth2client<4.0.0
2026-01-14 12:32:32,724 - INFO - ============================================================
2026-01-14 12:32:32,725 - INFO - Gmail Watcher started
2026-01-14 12:32:32,725 - INFO - Check interval: 120 seconds (2 minutes)
2026-01-14 12:32:32,725 - INFO - Monitoring for: unread important emails
2026-01-14 12:32:32,725 - INFO - Press Ctrl+C to stop
2026-01-14 12:32:32,725 - INFO - ============================================================
2026-01-14 12:32:34,403 - INFO - Found 1 new important email(s)
2026-01-14 13:02:33,207 - INFO - Loaded 106 processed message IDs
2026-01-14 13:02:33,207 - INFO - Gmail Watcher initialized
2026-01-14 13:02:33,207 - INFO -   Vault: C:\Users\Najma-LP\Desktop\My Vault\AI_Employee_Vault
2026-01-14 13:02:33,207 - INFO -   Output to: C:\Users\Najma-LP\Desktop\My Vault\AI_Employee_Vault\Needs_Action
2026-01-14 13:02:33,210 - INFO - file_cache is only supported with oauth2client<4.0.0
2026-01-14 13:02:33,214 - INFO - ============================================================
2026-01-14 13:02:33,214 - INFO - Gmail Watcher started
2026-01-14 13:02:33,214 - INFO - Check interval: 120 seconds (2 minutes)
2026-01-14 13:02:33,214 - INFO - Monitoring for: unread important emails
2026-01-14 13:02:33,214 - INFO - Press Ctrl+C to stop
2026-01-14 13:02:33,214 - INFO - ============================================================
2026-01-14 13:02:34,425 - INFO - Found 1 new important email(s)
