2026-01-19 00:56:22 - SlackWatcher - INFO - SlackWatcher initialized
2026-01-19 00:56:22 - SlackWatcher - INFO -   Vault: C:\Users\Najma-LP\Desktop\AI_Employee_Vault\AI_Employee_Vault
2026-01-19 00:56:22 - SlackWatcher - INFO -   Output: C:\Users\Najma-LP\Desktop\AI_Employee_Vault\AI_Employee_Vault\Needs_Action
2026-01-19 00:56:22 - SlackWatcher - INFO -   Check interval: 60s
2026-01-19 00:56:23 - SlackWatcher - INFO - ✓ Connected to Slack (Bot ID: U0A8NSQN18C)
2026-01-19 00:56:23 - SlackWatcher - INFO - Slack Watcher initialized
2026-01-19 00:56:23 - SlackWatcher - INFO -   Monitoring: DMs, Mentions, Channels, Keywords
2026-01-19 00:56:23 - SlackWatcher - INFO -   Keywords: urgent, important, help, issue, problem...
2026-01-19 00:56:23 - SlackWatcher - INFO - ======================================================================
2026-01-19 00:56:23 - SlackWatcher - INFO - SlackWatcher started
2026-01-19 00:56:23 - SlackWatcher - INFO - Check interval: 60 seconds
2026-01-19 00:56:23 - SlackWatcher - INFO - Press Ctrl+C to stop
2026-01-19 00:56:23 - SlackWatcher - INFO - ======================================================================
2026-01-19 00:56:25 - SlackWatcher - ERROR - Error checking mentions: The request to the Slack API failed. (url: https://slack.com/api/search.messages)
The server responded with: {'ok': False, 'error': 'not_allowed_token_type'}
2026-01-19 00:56:34 - SlackWatcher - INFO - SlackWatcher initialized
2026-01-19 00:56:34 - SlackWatcher - INFO -   Vault: C:\Users\Najma-LP\Desktop\AI_Employee_Vault\AI_Employee_Vault
2026-01-19 00:56:34 - SlackWatcher - INFO -   Output: C:\Users\Najma-LP\Desktop\AI_Employee_Vault\AI_Employee_Vault\Needs_Action
2026-01-19 00:56:34 - SlackWatcher - INFO -   Check interval: 60s
2026-01-19 00:56:35 - SlackWatcher - INFO - ✓ Connected to Slack (Bot ID: U0A8NSQN18C)
2026-01-19 00:56:35 - SlackWatcher - INFO - Slack Watcher initialized
2026-01-19 00:56:35 - SlackWatcher - INFO -   Monitoring: DMs, Mentions, Channels, Keywords
2026-01-19 00:56:35 - SlackWatcher - INFO -   Keywords: urgent, important, help, issue, problem...
2026-01-19 00:56:35 - SlackWatcher - INFO - ======================================================================
2026-01-19 00:56:35 - SlackWatcher - INFO - SlackWatcher started
2026-01-19 00:56:35 - SlackWatcher - INFO - Check interval: 60 seconds
2026-01-19 00:56:35 - SlackWatcher - INFO - Press Ctrl+C to stop
2026-01-19 00:56:35 - SlackWatcher - INFO - ======================================================================
2026-01-19 00:56:37 - SlackWatcher - ERROR - Error checking mentions: The request to the Slack API failed. (url: https://slack.com/api/search.messages)
The server responded with: {'ok': False, 'error': 'not_allowed_token_type'}
2026-01-19 00:57:29 - SlackWatcher - ERROR - Error checking mentions: The request to the Slack API failed. (url: https://slack.com/api/search.messages)
The server responded with: {'ok': False, 'error': 'not_allowed_token_type'}
2026-01-19 00:57:41 - SlackWatcher - ERROR - Error checking mentions: The request to the Slack API failed. (url: https://slack.com/api/search.messages)
The server responded with: {'ok': False, 'error': 'not_allowed_token_type'}
2026-01-19 00:58:32 - SlackWatcher - ERROR - Error checking mentions: The request to the Slack API failed. (url: https://slack.com/api/search.messages)
The server responded with: {'ok': False, 'error': 'not_allowed_token_type'}
2026-01-19 00:58:44 - SlackWatcher - ERROR - Error checking mentions: The request to the Slack API failed. (url: https://slack.com/api/search.messages)
The server responded with: {'ok': False, 'error': 'not_allowed_token_type'}
2026-01-19 00:59:37 - SlackWatcher - ERROR - Error checking mentions: The request to the Slack API failed. (url: https://slack.com/api/search.messages)
The server responded with: {'ok': False, 'error': 'not_allowed_token_type'}
2026-01-19 00:59:48 - SlackWatcher - ERROR - Error checking mentions: The request to the Slack API failed. (url: https://slack.com/api/search.messages)
The server responded with: {'ok': False, 'error': 'not_allowed_token_type'}
2026-01-19 01:00:41 - SlackWatcher - ERROR - Error checking mentions: The request to the Slack API failed. (url: https://slack.com/api/search.messages)
The server responded with: {'ok': False, 'error': 'not_allowed_token_type'}
2026-01-19 01:00:51 - SlackWatcher - ERROR - Error checking mentions: The request to the Slack API failed. (url: https://slack.com/api/search.messages)
The server responded with: {'ok': False, 'error': 'not_allowed_token_type'}
2026-01-19 01:01:46 - SlackWatcher - ERROR - Error checking mentions: The request to the Slack API failed. (url: https://slack.com/api/search.messages)
The server responded with: {'ok': False, 'error': 'not_allowed_token_type'}
2026-01-19 01:01:56 - SlackWatcher - ERROR - Error checking mentions: The request to the Slack API failed. (url: https://slack.com/api/search.messages)
The server responded with: {'ok': False, 'error': 'not_allowed_token_type'}
2026-01-19 01:02:50 - SlackWatcher - ERROR - Error checking mentions: The request to the Slack API failed. (url: https://slack.com/api/search.messages)
The server responded with: {'ok': False, 'error': 'not_allowed_token_type'}
2026-01-19 01:03:00 - SlackWatcher - ERROR - Error checking mentions: The request to the Slack API failed. (url: https://slack.com/api/search.messages)
The server responded with: {'ok': False, 'error': 'not_allowed_token_type'}
2026-01-19 01:03:54 - SlackWatcher - ERROR - Error checking mentions: The request to the Slack API failed. (url: https://slack.com/api/search.messages)
The server responded with: {'ok': False, 'error': 'not_allowed_token_type'}
2026-01-19 01:04:04 - SlackWatcher - ERROR - Error checking mentions: The request to the Slack API failed. (url: https://slack.com/api/search.messages)
The server responded with: {'ok': False, 'error': 'not_allowed_token_type'}
2026-01-19 01:04:58 - SlackWatcher - ERROR - Error checking mentions: The request to the Slack API failed. (url: https://slack.com/api/search.messages)
The server responded with: {'ok': False, 'error': 'not_allowed_token_type'}
2026-01-19 01:05:07 - SlackWatcher - ERROR - Error checking mentions: The request to the Slack API failed. (url: https://slack.com/api/search.messages)
The server responded with: {'ok': False, 'error': 'not_allowed_token_type'}
2026-01-19 01:06:01 - SlackWatcher - ERROR - Error checking mentions: The request to the Slack API failed. (url: https://slack.com/api/search.messages)
The server responded with: {'ok': False, 'error': 'not_allowed_token_type'}
2026-01-19 01:06:11 - SlackWatcher - ERROR - Error checking mentions: The request to the Slack API failed. (url: https://slack.com/api/search.messages)
The server responded with: {'ok': False, 'error': 'not_allowed_token_type'}
2026-01-19 01:07:05 - SlackWatcher - ERROR - Error checking mentions: The request to the Slack API failed. (url: https://slack.com/api/search.messages)
The server responded with: {'ok': False, 'error': 'not_allowed_token_type'}
2026-01-19 01:07:14 - SlackWatcher - ERROR - Error checking mentions: The request to the Slack API failed. (url: https://slack.com/api/search.messages)
The server responded with: {'ok': False, 'error': 'not_allowed_token_type'}
2026-01-19 01:08:08 - SlackWatcher - ERROR - Error checking mentions: The request to the Slack API failed. (url: https://slack.com/api/search.messages)
The server responded with: {'ok': False, 'error': 'not_allowed_token_type'}
2026-01-19 01:08:18 - SlackWatcher - ERROR - Error checking mentions: The request to the Slack API failed. (url: https://slack.com/api/search.messages)
The server responded with: {'ok': False, 'error': 'not_allowed_token_type'}
2026-01-19 18:25:59 - SlackWatcher - INFO - SlackWatcher initialized
2026-01-19 18:25:59 - SlackWatcher - INFO -   Vault: C:\Users\Najma-LP\Desktop\AI_Employee_Vault\AI_Employee_Vault
2026-01-19 18:25:59 - SlackWatcher - INFO -   Output: C:\Users\Najma-LP\Desktop\AI_Employee_Vault\AI_Employee_Vault\Needs_Action
2026-01-19 18:25:59 - SlackWatcher - INFO -   Check interval: 60s
2026-01-19 18:26:00 - SlackWatcher - INFO - ✓ Connected to Slack (Bot ID: U0A8NSQN18C)
2026-01-19 18:26:00 - SlackWatcher - INFO - Slack Watcher initialized
2026-01-19 18:26:00 - SlackWatcher - INFO -   Monitoring: DMs, Mentions, Channels, Keywords
2026-01-19 18:26:00 - SlackWatcher - INFO -   Keywords: urgent, important, help, issue, problem...
2026-01-19 18:26:00 - SlackWatcher - INFO - ======================================================================
2026-01-19 18:26:00 - SlackWatcher - INFO - SlackWatcher started
2026-01-19 18:26:00 - SlackWatcher - INFO - Check interval: 60 seconds
2026-01-19 18:26:00 - SlackWatcher - INFO - Press Ctrl+C to stop
2026-01-19 18:26:00 - SlackWatcher - INFO - ======================================================================
2026-01-19 18:26:02 - SlackWatcher - ERROR - Error checking mentions: The request to the Slack API failed. (url: https://slack.com/api/search.messages)
The server responded with: {'ok': False, 'error': 'not_allowed_token_type'}
2026-01-19 18:27:06 - SlackWatcher - ERROR - Error checking mentions: The request to the Slack API failed. (url: https://slack.com/api/search.messages)
The server responded with: {'ok': False, 'error': 'not_allowed_token_type'}
2026-01-19 18:28:09 - SlackWatcher - ERROR - Error checking mentions: The request to the Slack API failed. (url: https://slack.com/api/search.messages)
The server responded with: {'ok': False, 'error': 'not_allowed_token_type'}
2026-01-19 18:29:13 - SlackWatcher - ERROR - Error checking mentions: The request to the Slack API failed. (url: https://slack.com/api/search.messages)
The server responded with: {'ok': False, 'error': 'not_allowed_token_type'}
2026-01-19 18:32:00 - SlackWatcher - INFO - SlackWatcher initialized
2026-01-19 18:32:00 - SlackWatcher - INFO -   Vault: C:\Users\Najma-LP\Desktop\AI_Employee_Vault\AI_Employee_Vault
2026-01-19 18:32:00 - SlackWatcher - INFO -   Output: C:\Users\Najma-LP\Desktop\AI_Employee_Vault\AI_Employee_Vault\Needs_Action
2026-01-19 18:32:00 - SlackWatcher - INFO -   Check interval: 60s
2026-01-19 18:32:00 - SlackWatcher - INFO - ✓ Connected to Slack (Bot ID: U0A8NSQN18C)
2026-01-19 18:32:00 - SlackWatcher - INFO - Slack Watcher initialized
2026-01-19 18:32:00 - SlackWatcher - INFO -   Monitoring: DMs, Mentions, Channels, Keywords
2026-01-19 18:32:00 - SlackWatcher - INFO -   Keywords: urgent, important, help, issue, problem...
2026-01-19 18:32:00 - SlackWatcher - INFO - ======================================================================
2026-01-19 18:32:00 - SlackWatcher - INFO - SlackWatcher started
2026-01-19 18:32:00 - SlackWatcher - INFO - Check interval: 60 seconds
2026-01-19 18:32:00 - SlackWatcher - INFO - Press Ctrl+C to stop
2026-01-19 18:32:00 - SlackWatcher - INFO - ======================================================================
2026-01-19 18:32:03 - SlackWatcher - ERROR - Error checking mentions: The request to the Slack API failed. (url: https://slack.com/api/search.messages)
The server responded with: {'ok': False, 'error': 'not_allowed_token_type'}
2026-01-19 18:33:06 - SlackWatcher - INFO - SlackWatcher initialized
2026-01-19 18:33:06 - SlackWatcher - INFO -   Vault: C:\Users\Najma-LP\Desktop\AI_Employee_Vault\AI_Employee_Vault
2026-01-19 18:33:06 - SlackWatcher - INFO -   Output: C:\Users\Najma-LP\Desktop\AI_Employee_Vault\AI_Employee_Vault\Needs_Action
2026-01-19 18:33:06 - SlackWatcher - INFO -   Check interval: 60s
2026-01-19 18:33:06 - SlackWatcher - INFO - ✓ Connected to Slack (Bot ID: U0A8NSQN18C)
2026-01-19 18:33:06 - SlackWatcher - INFO - Slack Watcher initialized
2026-01-19 18:33:06 - SlackWatcher - INFO -   Monitoring: DMs, Mentions, Channels, Keywords
2026-01-19 18:33:06 - SlackWatcher - INFO -   Keywords: urgent, important, help, issue, problem...
2026-01-19 18:33:06 - SlackWatcher - INFO - ======================================================================
2026-01-19 18:33:06 - SlackWatcher - INFO - SlackWatcher started
2026-01-19 18:33:06 - SlackWatcher - INFO - Check interval: 60 seconds
2026-01-19 18:33:06 - SlackWatcher - INFO - Press Ctrl+C to stop
2026-01-19 18:33:06 - SlackWatcher - INFO - ======================================================================
2026-01-19 18:33:09 - SlackWatcher - ERROR - Error checking mentions: The request to the Slack API failed. (url: https://slack.com/api/search.messages)
The server responded with: {'ok': False, 'error': 'not_allowed_token_type'}
2026-01-19 18:34:13 - SlackWatcher - ERROR - Error checking mentions: The request to the Slack API failed. (url: https://slack.com/api/search.messages)
The server responded with: {'ok': False, 'error': 'not_allowed_token_type'}
2026-01-19 18:35:17 - SlackWatcher - ERROR - Error checking mentions: The request to the Slack API failed. (url: https://slack.com/api/search.messages)
The server responded with: {'ok': False, 'error': 'not_allowed_token_type'}
2026-01-19 18:36:21 - SlackWatcher - ERROR - Error checking mentions: The request to the Slack API failed. (url: https://slack.com/api/search.messages)
The server responded with: {'ok': False, 'error': 'not_allowed_token_type'}
2026-01-19 18:37:26 - SlackWatcher - ERROR - Error checking mentions: The request to the Slack API failed. (url: https://slack.com/api/search.messages)
The server responded with: {'ok': False, 'error': 'not_allowed_token_type'}
2026-01-19 18:38:33 - SlackWatcher - ERROR - Error checking mentions: The request to the Slack API failed. (url: https://slack.com/api/search.messages)
The server responded with: {'ok': False, 'error': 'not_allowed_token_type'}
2026-01-19 18:39:38 - SlackWatcher - ERROR - Error checking mentions: The request to the Slack API failed. (url: https://slack.com/api/search.messages)
The server responded with: {'ok': False, 'error': 'not_allowed_token_type'}
2026-01-19 18:40:41 - SlackWatcher - ERROR - Error checking mentions: The request to the Slack API failed. (url: https://slack.com/api/search.messages)
The server responded with: {'ok': False, 'error': 'not_allowed_token_type'}
2026-01-19 18:41:44 - SlackWatcher - ERROR - Error checking mentions: The request to the Slack API failed. (url: https://slack.com/api/search.messages)
The server responded with: {'ok': False, 'error': 'not_allowed_token_type'}
2026-01-19 18:42:48 - SlackWatcher - ERROR - Error checking mentions: The request to the Slack API failed. (url: https://slack.com/api/search.messages)
The server responded with: {'ok': False, 'error': 'not_allowed_token_type'}
2026-01-19 18:43:54 - SlackWatcher - ERROR - Error checking mentions: The request to the Slack API failed. (url: https://slack.com/api/search.messages)
The server responded with: {'ok': False, 'error': 'not_allowed_token_type'}
2026-01-19 18:44:58 - SlackWatcher - ERROR - Error checking mentions: The request to the Slack API failed. (url: https://slack.com/api/search.messages)
The server responded with: {'ok': False, 'error': 'not_allowed_token_type'}
2026-01-19 18:51:20 - SlackWatcher - INFO - SlackWatcher initialized
2026-01-19 18:51:20 - SlackWatcher - INFO -   Vault: C:\Users\Najma-LP\Desktop\AI_Employee_Vault\AI_Employee_Vault
2026-01-19 18:51:20 - SlackWatcher - INFO -   Output: C:\Users\Najma-LP\Desktop\AI_Employee_Vault\AI_Employee_Vault\Needs_Action
2026-01-19 18:51:20 - SlackWatcher - INFO -   Check interval: 60s
2026-01-19 18:51:25 - SlackWatcher - INFO - ✓ Connected to Slack (Bot ID: U0A8NSQN18C)
2026-01-19 18:51:25 - SlackWatcher - INFO - Slack Watcher initialized
2026-01-19 18:51:25 - SlackWatcher - INFO -   Monitoring: DMs, Mentions, Channels, Keywords
2026-01-19 18:51:25 - SlackWatcher - INFO -   Keywords: urgent, important, help, issue, problem...
2026-01-19 18:51:25 - SlackWatcher - INFO - ======================================================================
2026-01-19 18:51:25 - SlackWatcher - INFO - SlackWatcher started
2026-01-19 18:51:25 - SlackWatcher - INFO - Check interval: 60 seconds
2026-01-19 18:51:25 - SlackWatcher - INFO - Press Ctrl+C to stop
2026-01-19 18:51:25 - SlackWatcher - INFO - ======================================================================
2026-01-19 18:51:32 - SlackWatcher - ERROR - Error checking mentions: The request to the Slack API failed. (url: https://slack.com/api/search.messages)
The server responded with: {'ok': False, 'error': 'not_allowed_token_type'}
2026-01-19 18:52:40 - SlackWatcher - ERROR - Error checking mentions: The request to the Slack API failed. (url: https://slack.com/api/search.messages)
The server responded with: {'ok': False, 'error': 'not_allowed_token_type'}
2026-01-19 18:53:44 - SlackWatcher - ERROR - Error checking mentions: The request to the Slack API failed. (url: https://slack.com/api/search.messages)
The server responded with: {'ok': False, 'error': 'not_allowed_token_type'}
2026-01-19 18:54:47 - SlackWatcher - ERROR - Error checking mentions: The request to the Slack API failed. (url: https://slack.com/api/search.messages)
The server responded with: {'ok': False, 'error': 'not_allowed_token_type'}
2026-01-19 18:55:52 - SlackWatcher - ERROR - Error checking mentions: The request to the Slack API failed. (url: https://slack.com/api/search.messages)
The server responded with: {'ok': False, 'error': 'not_allowed_token_type'}
2026-01-19 18:56:56 - SlackWatcher - ERROR - Error checking mentions: The request to the Slack API failed. (url: https://slack.com/api/search.messages)
The server responded with: {'ok': False, 'error': 'not_allowed_token_type'}
2026-01-19 18:58:00 - SlackWatcher - ERROR - Error checking mentions: The request to the Slack API failed. (url: https://slack.com/api/search.messages)
The server responded with: {'ok': False, 'error': 'not_allowed_token_type'}
2026-01-19 18:59:05 - SlackWatcher - ERROR - Error checking mentions: The request to the Slack API failed. (url: https://slack.com/api/search.messages)
The server responded with: {'ok': False, 'error': 'not_allowed_token_type'}
2026-01-19 19:00:19 - SlackWatcher - ERROR - Error checking mentions: The request to the Slack API failed. (url: https://slack.com/api/search.messages)
The server responded with: {'ok': False, 'error': 'not_allowed_token_type'}
2026-01-19 19:01:42 - SlackWatcher - ERROR - Error checking mentions: The request to the Slack API failed. (url: https://slack.com/api/search.messages)
The server responded with: {'ok': False, 'error': 'not_allowed_token_type'}
2026-01-19 19:02:48 - SlackWatcher - ERROR - Error checking mentions: The request to the Slack API failed. (url: https://slack.com/api/search.messages)
The server responded with: {'ok': False, 'error': 'not_allowed_token_type'}
2026-01-19 19:03:58 - SlackWatcher - ERROR - Error checking mentions: The request to the Slack API failed. (url: https://slack.com/api/search.messages)
The server responded with: {'ok': False, 'error': 'not_allowed_token_type'}
