2026-01-14 12:33:08 - WhatsAppWatcher - INFO - WhatsAppWatcher initialized
2026-01-14 12:33:08 - WhatsAppWatcher - INFO -   Vault: C:\Users\Najma-LP\Desktop\My Vault\AI_Employee_Vault
2026-01-14 12:33:08 - WhatsAppWatcher - INFO -   Output: C:\Users\Najma-LP\Desktop\My Vault\AI_Employee_Vault\Needs_Action
2026-01-14 12:33:08 - WhatsAppWatcher - INFO -   Check interval: 30s
2026-01-14 12:33:08 - WhatsAppWatcher - INFO - Keywords: urgent, asap, emergency, critical, help, invoice, payment, pay, bill, deadline, today, now, immediately, important, priority, attention
2026-01-14 12:33:08 - WhatsAppWatcher - INFO - Session path: C:\Users\Najma-LP\Desktop\My Vault\watchers\whatsapp_session
2026-01-14 12:33:08 - WhatsAppWatcher - INFO - Headless mode: True
2026-01-14 12:33:08 - WhatsAppWatcher - INFO - Initializing browser...
2026-01-14 12:33:10 - WhatsAppWatcher - INFO - Navigating to WhatsApp Web...
2026-01-14 12:33:13 - WhatsAppWatcher - INFO - Waiting for page to load...
2026-01-14 12:33:16 - WhatsAppWatcher - INFO - Detecting WhatsApp Web interface...
2026-01-14 12:33:18 - WhatsAppWatcher - ERROR - Error initializing browser: Page.wait_for_selector: Page crashed
Call log:
  - waiting for locator("[data-testid=\"chat-list\"]") to be visible
Traceback (most recent call last):
  File "C:\Users\Najma-LP\Desktop\My Vault\watchers\whatsapp_watcher.py", line 172, in initialize_browser
    self.page.wait_for_selector(selector, timeout=5000)
    ~~~~~~~~~~~~~~~~~~~~~~~~~~~^^^^^^^^^^^^^^^^^^^^^^^^
  File "C:\Users\Najma-LP\AppData\Local\Programs\Python\Python313\Lib\site-packages\playwright\sync_api\_generated.py", line 8213, in wait_for_selector
    self._sync(
    ~~~~~~~~~~^
        self._impl_obj.wait_for_selector(
        ^^^^^^^^^^^^^^^^^^^^^^^^^^^^^^^^^
            selector=selector, timeout=timeout, state=state, strict=strict
            ^^^^^^^^^^^^^^^^^^^^^^^^^^^^^^^^^^^^^^^^^^^^^^^^^^^^^^^^^^^^^^
        )
        ^
    )
    ^
  File "C:\Users\Najma-LP\AppData\Local\Programs\Python\Python313\Lib\site-packages\playwright\_impl\_sync_base.py", line 115, in _sync
    return task.result()
           ~~~~~~~~~~~^^
  File "C:\Users\Najma-LP\AppData\Local\Programs\Python\Python313\Lib\site-packages\playwright\_impl\_page.py", line 419, in wait_for_selector
    return await self._main_frame.wait_for_selector(**locals_to_params(locals()))
           ^^^^^^^^^^^^^^^^^^^^^^^^^^^^^^^^^^^^^^^^^^^^^^^^^^^^^^^^^^^^^^^^^^^^^^
  File "C:\Users\Najma-LP\AppData\Local\Programs\Python\Python313\Lib\site-packages\playwright\_impl\_frame.py", line 369, in wait_for_selector
    await self._channel.send(
        "waitForSelector", self._timeout, locals_to_params(locals())
    )
  File "C:\Users\Najma-LP\AppData\Local\Programs\Python\Python313\Lib\site-packages\playwright\_impl\_connection.py", line 69, in send
    return await self._connection.wrap_api_call(
           ^^^^^^^^^^^^^^^^^^^^^^^^^^^^^^^^^^^^^
    ...<3 lines>...
    )
    ^
  File "C:\Users\Najma-LP\AppData\Local\Programs\Python\Python313\Lib\site-packages\playwright\_impl\_connection.py", line 559, in wrap_api_call
    raise rewrite_error(error, f"{parsed_st['apiName']}: {error}") from None
playwright._impl._errors.Error: Page.wait_for_selector: Page crashed
Call log:
  - waiting for locator("[data-testid=\"chat-list\"]") to be visible

2026-01-14 12:33:18 - WhatsAppWatcher - ERROR - Failed to initialize browser. Exiting.
2026-01-14 12:37:20 - WhatsAppWatcher - INFO - WhatsAppWatcher initialized
2026-01-14 12:37:20 - WhatsAppWatcher - INFO -   Vault: C:\Users\Najma-LP\Desktop\My Vault\AI_Employee_Vault
2026-01-14 12:37:20 - WhatsAppWatcher - INFO -   Output: C:\Users\Najma-LP\Desktop\My Vault\AI_Employee_Vault\Needs_Action
2026-01-14 12:37:20 - WhatsAppWatcher - INFO -   Check interval: 30s
2026-01-14 12:37:20 - WhatsAppWatcher - INFO - Keywords: urgent, asap, emergency, critical, help, invoice, payment, pay, bill, deadline, today, now, immediately, important, priority, attention
2026-01-14 12:37:20 - WhatsAppWatcher - INFO - Session path: C:\Users\Najma-LP\Desktop\My Vault\watchers\whatsapp_session
2026-01-14 12:37:20 - WhatsAppWatcher - INFO - Headless mode: False
2026-01-14 12:37:20 - WhatsAppWatcher - INFO - Initializing browser...
2026-01-14 12:37:22 - WhatsAppWatcher - INFO - Navigating to WhatsApp Web...
2026-01-14 12:37:23 - WhatsAppWatcher - INFO - Waiting for page to load...
2026-01-14 12:37:27 - WhatsAppWatcher - INFO - Detecting WhatsApp Web interface...
2026-01-14 12:37:32 - WhatsAppWatcher - INFO - ✓ WhatsApp Web loaded successfully (found: div[aria-label="Chat list"])
2026-01-14 12:37:32 - WhatsAppWatcher - INFO - ======================================================================
2026-01-14 12:37:32 - WhatsAppWatcher - INFO - WhatsAppWatcher started
2026-01-14 12:37:32 - WhatsAppWatcher - INFO - Check interval: 30 seconds
2026-01-14 12:37:32 - WhatsAppWatcher - INFO - Press Ctrl+C to stop
2026-01-14 12:37:32 - WhatsAppWatcher - INFO - ======================================================================
2026-01-14 12:55:20 - WhatsAppWatcher - INFO - WhatsAppWatcher initialized
2026-01-14 12:55:20 - WhatsAppWatcher - INFO -   Vault: C:\Users\Najma-LP\Desktop\My Vault\AI_Employee_Vault
2026-01-14 12:55:20 - WhatsAppWatcher - INFO -   Output: C:\Users\Najma-LP\Desktop\My Vault\AI_Employee_Vault\Needs_Action
2026-01-14 12:55:20 - WhatsAppWatcher - INFO -   Check interval: 30s
2026-01-14 12:55:20 - WhatsAppWatcher - INFO - Keywords: urgent, asap, emergency, critical, help, invoice, payment, pay, bill, deadline, today, now, immediately, important, priority, attention
2026-01-14 12:55:20 - WhatsAppWatcher - INFO - Session path: C:\Users\Najma-LP\Desktop\My Vault\watchers\whatsapp_session
2026-01-14 12:55:20 - WhatsAppWatcher - INFO - Headless mode: False
2026-01-14 12:55:20 - WhatsAppWatcher - INFO - Initializing browser...
2026-01-14 12:55:21 - WhatsAppWatcher - INFO - Navigating to WhatsApp Web...
2026-01-14 12:55:22 - WhatsAppWatcher - INFO - Waiting for page to load...
2026-01-14 12:55:25 - WhatsAppWatcher - INFO - Detecting WhatsApp Web interface...
2026-01-14 12:55:30 - WhatsAppWatcher - INFO - ✓ WhatsApp Web loaded successfully (found: div[aria-label="Chat list"])
2026-01-14 12:55:30 - WhatsAppWatcher - INFO - ======================================================================
2026-01-14 12:55:30 - WhatsAppWatcher - INFO - WhatsAppWatcher started
2026-01-14 12:55:30 - WhatsAppWatcher - INFO - Check interval: 30 seconds
2026-01-14 12:55:30 - WhatsAppWatcher - INFO - Press Ctrl+C to stop
2026-01-14 12:55:30 - WhatsAppWatcher - INFO - ======================================================================
2026-01-14 12:56:30 - WhatsAppWatcher - ERROR - Error checking for updates: Page.query_selector_all: Target page, context or browser has been closed
Traceback (most recent call last):
  File "C:\Users\Najma-LP\Desktop\My Vault\watchers\whatsapp_watcher.py", line 248, in check_for_updates
    unread_chats = self.page.query_selector_all('[data-testid="cell-frame-container"] [aria-label*="unread message"]')
  File "C:\Users\Najma-LP\AppData\Local\Programs\Python\Python313\Lib\site-packages\playwright\sync_api\_generated.py", line 8142, in query_selector_all
    self._sync(self._impl_obj.query_selector_all(selector=selector))
    ~~~~~~~~~~^^^^^^^^^^^^^^^^^^^^^^^^^^^^^^^^^^^^^^^^^^^^^^^^^^^^^^
  File "C:\Users\Najma-LP\AppData\Local\Programs\Python\Python313\Lib\site-packages\playwright\_impl\_sync_base.py", line 115, in _sync
    return task.result()
           ~~~~~~~~~~~^^
  File "C:\Users\Najma-LP\AppData\Local\Programs\Python\Python313\Lib\site-packages\playwright\_impl\_page.py", line 410, in query_selector_all
    return await self._main_frame.query_selector_all(selector)
           ^^^^^^^^^^^^^^^^^^^^^^^^^^^^^^^^^^^^^^^^^^^^^^^^^^^
  File "C:\Users\Najma-LP\AppData\Local\Programs\Python\Python313\Lib\site-packages\playwright\_impl\_frame.py", line 355, in query_selector_all
    await self._channel.send(
    ^^^^^^^^^^^^^^^^^^^^^^^^^
        "querySelectorAll", None, dict(selector=selector)
        ^^^^^^^^^^^^^^^^^^^^^^^^^^^^^^^^^^^^^^^^^^^^^^^^^
    ),
    ^
  File "C:\Users\Najma-LP\AppData\Local\Programs\Python\Python313\Lib\site-packages\playwright\_impl\_connection.py", line 69, in send
    return await self._connection.wrap_api_call(
           ^^^^^^^^^^^^^^^^^^^^^^^^^^^^^^^^^^^^^
    ...<3 lines>...
    )
    ^
  File "C:\Users\Najma-LP\AppData\Local\Programs\Python\Python313\Lib\site-packages\playwright\_impl\_connection.py", line 559, in wrap_api_call
    raise rewrite_error(error, f"{parsed_st['apiName']}: {error}") from None
playwright._impl._errors.TargetClosedError: Page.query_selector_all: Target page, context or browser has been closed
2026-01-14 12:57:00 - WhatsAppWatcher - ERROR - Error checking for updates: Page.query_selector_all: Target page, context or browser has been closed
Traceback (most recent call last):
  File "C:\Users\Najma-LP\Desktop\My Vault\watchers\whatsapp_watcher.py", line 248, in check_for_updates
    unread_chats = self.page.query_selector_all('[data-testid="cell-frame-container"] [aria-label*="unread message"]')
  File "C:\Users\Najma-LP\AppData\Local\Programs\Python\Python313\Lib\site-packages\playwright\sync_api\_generated.py", line 8142, in query_selector_all
    self._sync(self._impl_obj.query_selector_all(selector=selector))
    ~~~~~~~~~~^^^^^^^^^^^^^^^^^^^^^^^^^^^^^^^^^^^^^^^^^^^^^^^^^^^^^^
  File "C:\Users\Najma-LP\AppData\Local\Programs\Python\Python313\Lib\site-packages\playwright\_impl\_sync_base.py", line 115, in _sync
    return task.result()
           ~~~~~~~~~~~^^
  File "C:\Users\Najma-LP\AppData\Local\Programs\Python\Python313\Lib\site-packages\playwright\_impl\_page.py", line 410, in query_selector_all
    return await self._main_frame.query_selector_all(selector)
           ^^^^^^^^^^^^^^^^^^^^^^^^^^^^^^^^^^^^^^^^^^^^^^^^^^^
  File "C:\Users\Najma-LP\AppData\Local\Programs\Python\Python313\Lib\site-packages\playwright\_impl\_frame.py", line 355, in query_selector_all
    await self._channel.send(
    ^^^^^^^^^^^^^^^^^^^^^^^^^
        "querySelectorAll", None, dict(selector=selector)
        ^^^^^^^^^^^^^^^^^^^^^^^^^^^^^^^^^^^^^^^^^^^^^^^^^
    ),
    ^
  File "C:\Users\Najma-LP\AppData\Local\Programs\Python\Python313\Lib\site-packages\playwright\_impl\_connection.py", line 69, in send
    return await self._connection.wrap_api_call(
           ^^^^^^^^^^^^^^^^^^^^^^^^^^^^^^^^^^^^^
    ...<3 lines>...
    )
    ^
  File "C:\Users\Najma-LP\AppData\Local\Programs\Python\Python313\Lib\site-packages\playwright\_impl\_connection.py", line 559, in wrap_api_call
    raise rewrite_error(error, f"{parsed_st['apiName']}: {error}") from None
playwright._impl._errors.TargetClosedError: Page.query_selector_all: Target page, context or browser has been closed
2026-01-14 12:57:30 - WhatsAppWatcher - ERROR - Error checking for updates: Page.query_selector_all: Target page, context or browser has been closed
Traceback (most recent call last):
  File "C:\Users\Najma-LP\Desktop\My Vault\watchers\whatsapp_watcher.py", line 248, in check_for_updates
    unread_chats = self.page.query_selector_all('[data-testid="cell-frame-container"] [aria-label*="unread message"]')
  File "C:\Users\Najma-LP\AppData\Local\Programs\Python\Python313\Lib\site-packages\playwright\sync_api\_generated.py", line 8142, in query_selector_all
    self._sync(self._impl_obj.query_selector_all(selector=selector))
    ~~~~~~~~~~^^^^^^^^^^^^^^^^^^^^^^^^^^^^^^^^^^^^^^^^^^^^^^^^^^^^^^
  File "C:\Users\Najma-LP\AppData\Local\Programs\Python\Python313\Lib\site-packages\playwright\_impl\_sync_base.py", line 115, in _sync
    return task.result()
           ~~~~~~~~~~~^^
  File "C:\Users\Najma-LP\AppData\Local\Programs\Python\Python313\Lib\site-packages\playwright\_impl\_page.py", line 410, in query_selector_all
    return await self._main_frame.query_selector_all(selector)
           ^^^^^^^^^^^^^^^^^^^^^^^^^^^^^^^^^^^^^^^^^^^^^^^^^^^
  File "C:\Users\Najma-LP\AppData\Local\Programs\Python\Python313\Lib\site-packages\playwright\_impl\_frame.py", line 355, in query_selector_all
    await self._channel.send(
    ^^^^^^^^^^^^^^^^^^^^^^^^^
        "querySelectorAll", None, dict(selector=selector)
        ^^^^^^^^^^^^^^^^^^^^^^^^^^^^^^^^^^^^^^^^^^^^^^^^^
    ),
    ^
  File "C:\Users\Najma-LP\AppData\Local\Programs\Python\Python313\Lib\site-packages\playwright\_impl\_connection.py", line 69, in send
    return await self._connection.wrap_api_call(
           ^^^^^^^^^^^^^^^^^^^^^^^^^^^^^^^^^^^^^
    ...<3 lines>...
    )
    ^
  File "C:\Users\Najma-LP\AppData\Local\Programs\Python\Python313\Lib\site-packages\playwright\_impl\_connection.py", line 559, in wrap_api_call
    raise rewrite_error(error, f"{parsed_st['apiName']}: {error}") from None
playwright._impl._errors.TargetClosedError: Page.query_selector_all: Target page, context or browser has been closed
2026-01-14 12:58:00 - WhatsAppWatcher - ERROR - Error checking for updates: Page.query_selector_all: Target page, context or browser has been closed
Traceback (most recent call last):
  File "C:\Users\Najma-LP\Desktop\My Vault\watchers\whatsapp_watcher.py", line 248, in check_for_updates
    unread_chats = self.page.query_selector_all('[data-testid="cell-frame-container"] [aria-label*="unread message"]')
  File "C:\Users\Najma-LP\AppData\Local\Programs\Python\Python313\Lib\site-packages\playwright\sync_api\_generated.py", line 8142, in query_selector_all
    self._sync(self._impl_obj.query_selector_all(selector=selector))
    ~~~~~~~~~~^^^^^^^^^^^^^^^^^^^^^^^^^^^^^^^^^^^^^^^^^^^^^^^^^^^^^^
  File "C:\Users\Najma-LP\AppData\Local\Programs\Python\Python313\Lib\site-packages\playwright\_impl\_sync_base.py", line 115, in _sync
    return task.result()
           ~~~~~~~~~~~^^
  File "C:\Users\Najma-LP\AppData\Local\Programs\Python\Python313\Lib\site-packages\playwright\_impl\_page.py", line 410, in query_selector_all
    return await self._main_frame.query_selector_all(selector)
           ^^^^^^^^^^^^^^^^^^^^^^^^^^^^^^^^^^^^^^^^^^^^^^^^^^^
  File "C:\Users\Najma-LP\AppData\Local\Programs\Python\Python313\Lib\site-packages\playwright\_impl\_frame.py", line 355, in query_selector_all
    await self._channel.send(
    ^^^^^^^^^^^^^^^^^^^^^^^^^
        "querySelectorAll", None, dict(selector=selector)
        ^^^^^^^^^^^^^^^^^^^^^^^^^^^^^^^^^^^^^^^^^^^^^^^^^
    ),
    ^
  File "C:\Users\Najma-LP\AppData\Local\Programs\Python\Python313\Lib\site-packages\playwright\_impl\_connection.py", line 69, in send
    return await self._connection.wrap_api_call(
           ^^^^^^^^^^^^^^^^^^^^^^^^^^^^^^^^^^^^^
    ...<3 lines>...
    )
    ^
  File "C:\Users\Najma-LP\AppData\Local\Programs\Python\Python313\Lib\site-packages\playwright\_impl\_connection.py", line 559, in wrap_api_call
    raise rewrite_error(error, f"{parsed_st['apiName']}: {error}") from None
playwright._impl._errors.TargetClosedError: Page.query_selector_all: Target page, context or browser has been closed
2026-01-14 12:58:30 - WhatsAppWatcher - ERROR - Error checking for updates: Page.query_selector_all: Target page, context or browser has been closed
Traceback (most recent call last):
  File "C:\Users\Najma-LP\Desktop\My Vault\watchers\whatsapp_watcher.py", line 248, in check_for_updates
    unread_chats = self.page.query_selector_all('[data-testid="cell-frame-container"] [aria-label*="unread message"]')
  File "C:\Users\Najma-LP\AppData\Local\Programs\Python\Python313\Lib\site-packages\playwright\sync_api\_generated.py", line 8142, in query_selector_all
    self._sync(self._impl_obj.query_selector_all(selector=selector))
    ~~~~~~~~~~^^^^^^^^^^^^^^^^^^^^^^^^^^^^^^^^^^^^^^^^^^^^^^^^^^^^^^
  File "C:\Users\Najma-LP\AppData\Local\Programs\Python\Python313\Lib\site-packages\playwright\_impl\_sync_base.py", line 115, in _sync
    return task.result()
           ~~~~~~~~~~~^^
  File "C:\Users\Najma-LP\AppData\Local\Programs\Python\Python313\Lib\site-packages\playwright\_impl\_page.py", line 410, in query_selector_all
    return await self._main_frame.query_selector_all(selector)
           ^^^^^^^^^^^^^^^^^^^^^^^^^^^^^^^^^^^^^^^^^^^^^^^^^^^
  File "C:\Users\Najma-LP\AppData\Local\Programs\Python\Python313\Lib\site-packages\playwright\_impl\_frame.py", line 355, in query_selector_all
    await self._channel.send(
    ^^^^^^^^^^^^^^^^^^^^^^^^^
        "querySelectorAll", None, dict(selector=selector)
        ^^^^^^^^^^^^^^^^^^^^^^^^^^^^^^^^^^^^^^^^^^^^^^^^^
    ),
    ^
  File "C:\Users\Najma-LP\AppData\Local\Programs\Python\Python313\Lib\site-packages\playwright\_impl\_connection.py", line 69, in send
    return await self._connection.wrap_api_call(
           ^^^^^^^^^^^^^^^^^^^^^^^^^^^^^^^^^^^^^
    ...<3 lines>...
    )
    ^
  File "C:\Users\Najma-LP\AppData\Local\Programs\Python\Python313\Lib\site-packages\playwright\_impl\_connection.py", line 559, in wrap_api_call
    raise rewrite_error(error, f"{parsed_st['apiName']}: {error}") from None
playwright._impl._errors.TargetClosedError: Page.query_selector_all: Target page, context or browser has been closed
2026-01-14 12:59:00 - WhatsAppWatcher - ERROR - Error checking for updates: Page.query_selector_all: Target page, context or browser has been closed
Traceback (most recent call last):
  File "C:\Users\Najma-LP\Desktop\My Vault\watchers\whatsapp_watcher.py", line 248, in check_for_updates
    unread_chats = self.page.query_selector_all('[data-testid="cell-frame-container"] [aria-label*="unread message"]')
  File "C:\Users\Najma-LP\AppData\Local\Programs\Python\Python313\Lib\site-packages\playwright\sync_api\_generated.py", line 8142, in query_selector_all
    self._sync(self._impl_obj.query_selector_all(selector=selector))
    ~~~~~~~~~~^^^^^^^^^^^^^^^^^^^^^^^^^^^^^^^^^^^^^^^^^^^^^^^^^^^^^^
  File "C:\Users\Najma-LP\AppData\Local\Programs\Python\Python313\Lib\site-packages\playwright\_impl\_sync_base.py", line 115, in _sync
    return task.result()
           ~~~~~~~~~~~^^
  File "C:\Users\Najma-LP\AppData\Local\Programs\Python\Python313\Lib\site-packages\playwright\_impl\_page.py", line 410, in query_selector_all
    return await self._main_frame.query_selector_all(selector)
           ^^^^^^^^^^^^^^^^^^^^^^^^^^^^^^^^^^^^^^^^^^^^^^^^^^^
  File "C:\Users\Najma-LP\AppData\Local\Programs\Python\Python313\Lib\site-packages\playwright\_impl\_frame.py", line 355, in query_selector_all
    await self._channel.send(
    ^^^^^^^^^^^^^^^^^^^^^^^^^
        "querySelectorAll", None, dict(selector=selector)
        ^^^^^^^^^^^^^^^^^^^^^^^^^^^^^^^^^^^^^^^^^^^^^^^^^
    ),
    ^
  File "C:\Users\Najma-LP\AppData\Local\Programs\Python\Python313\Lib\site-packages\playwright\_impl\_connection.py", line 69, in send
    return await self._connection.wrap_api_call(
           ^^^^^^^^^^^^^^^^^^^^^^^^^^^^^^^^^^^^^
    ...<3 lines>...
    )
    ^
  File "C:\Users\Najma-LP\AppData\Local\Programs\Python\Python313\Lib\site-packages\playwright\_impl\_connection.py", line 559, in wrap_api_call
    raise rewrite_error(error, f"{parsed_st['apiName']}: {error}") from None
playwright._impl._errors.TargetClosedError: Page.query_selector_all: Target page, context or browser has been closed
2026-01-14 12:59:30 - WhatsAppWatcher - ERROR - Error checking for updates: Page.query_selector_all: Target page, context or browser has been closed
Traceback (most recent call last):
  File "C:\Users\Najma-LP\Desktop\My Vault\watchers\whatsapp_watcher.py", line 248, in check_for_updates
    unread_chats = self.page.query_selector_all('[data-testid="cell-frame-container"] [aria-label*="unread message"]')
  File "C:\Users\Najma-LP\AppData\Local\Programs\Python\Python313\Lib\site-packages\playwright\sync_api\_generated.py", line 8142, in query_selector_all
    self._sync(self._impl_obj.query_selector_all(selector=selector))
    ~~~~~~~~~~^^^^^^^^^^^^^^^^^^^^^^^^^^^^^^^^^^^^^^^^^^^^^^^^^^^^^^
  File "C:\Users\Najma-LP\AppData\Local\Programs\Python\Python313\Lib\site-packages\playwright\_impl\_sync_base.py", line 115, in _sync
    return task.result()
           ~~~~~~~~~~~^^
  File "C:\Users\Najma-LP\AppData\Local\Programs\Python\Python313\Lib\site-packages\playwright\_impl\_page.py", line 410, in query_selector_all
    return await self._main_frame.query_selector_all(selector)
           ^^^^^^^^^^^^^^^^^^^^^^^^^^^^^^^^^^^^^^^^^^^^^^^^^^^
  File "C:\Users\Najma-LP\AppData\Local\Programs\Python\Python313\Lib\site-packages\playwright\_impl\_frame.py", line 355, in query_selector_all
    await self._channel.send(
    ^^^^^^^^^^^^^^^^^^^^^^^^^
        "querySelectorAll", None, dict(selector=selector)
        ^^^^^^^^^^^^^^^^^^^^^^^^^^^^^^^^^^^^^^^^^^^^^^^^^
    ),
    ^
  File "C:\Users\Najma-LP\AppData\Local\Programs\Python\Python313\Lib\site-packages\playwright\_impl\_connection.py", line 69, in send
    return await self._connection.wrap_api_call(
           ^^^^^^^^^^^^^^^^^^^^^^^^^^^^^^^^^^^^^
    ...<3 lines>...
    )
    ^
  File "C:\Users\Najma-LP\AppData\Local\Programs\Python\Python313\Lib\site-packages\playwright\_impl\_connection.py", line 559, in wrap_api_call
    raise rewrite_error(error, f"{parsed_st['apiName']}: {error}") from None
playwright._impl._errors.TargetClosedError: Page.query_selector_all: Target page, context or browser has been closed
2026-01-14 13:00:00 - WhatsAppWatcher - ERROR - Error checking for updates: Page.query_selector_all: Target page, context or browser has been closed
Traceback (most recent call last):
  File "C:\Users\Najma-LP\Desktop\My Vault\watchers\whatsapp_watcher.py", line 248, in check_for_updates
    unread_chats = self.page.query_selector_all('[data-testid="cell-frame-container"] [aria-label*="unread message"]')
  File "C:\Users\Najma-LP\AppData\Local\Programs\Python\Python313\Lib\site-packages\playwright\sync_api\_generated.py", line 8142, in query_selector_all
    self._sync(self._impl_obj.query_selector_all(selector=selector))
    ~~~~~~~~~~^^^^^^^^^^^^^^^^^^^^^^^^^^^^^^^^^^^^^^^^^^^^^^^^^^^^^^
  File "C:\Users\Najma-LP\AppData\Local\Programs\Python\Python313\Lib\site-packages\playwright\_impl\_sync_base.py", line 115, in _sync
    return task.result()
           ~~~~~~~~~~~^^
  File "C:\Users\Najma-LP\AppData\Local\Programs\Python\Python313\Lib\site-packages\playwright\_impl\_page.py", line 410, in query_selector_all
    return await self._main_frame.query_selector_all(selector)
           ^^^^^^^^^^^^^^^^^^^^^^^^^^^^^^^^^^^^^^^^^^^^^^^^^^^
  File "C:\Users\Najma-LP\AppData\Local\Programs\Python\Python313\Lib\site-packages\playwright\_impl\_frame.py", line 355, in query_selector_all
    await self._channel.send(
    ^^^^^^^^^^^^^^^^^^^^^^^^^
        "querySelectorAll", None, dict(selector=selector)
        ^^^^^^^^^^^^^^^^^^^^^^^^^^^^^^^^^^^^^^^^^^^^^^^^^
    ),
    ^
  File "C:\Users\Najma-LP\AppData\Local\Programs\Python\Python313\Lib\site-packages\playwright\_impl\_connection.py", line 69, in send
    return await self._connection.wrap_api_call(
           ^^^^^^^^^^^^^^^^^^^^^^^^^^^^^^^^^^^^^
    ...<3 lines>...
    )
    ^
  File "C:\Users\Najma-LP\AppData\Local\Programs\Python\Python313\Lib\site-packages\playwright\_impl\_connection.py", line 559, in wrap_api_call
    raise rewrite_error(error, f"{parsed_st['apiName']}: {error}") from None
playwright._impl._errors.TargetClosedError: Page.query_selector_all: Target page, context or browser has been closed
2026-01-14 13:00:30 - WhatsAppWatcher - ERROR - Error checking for updates: Page.query_selector_all: Target page, context or browser has been closed
Traceback (most recent call last):
  File "C:\Users\Najma-LP\Desktop\My Vault\watchers\whatsapp_watcher.py", line 248, in check_for_updates
    unread_chats = self.page.query_selector_all('[data-testid="cell-frame-container"] [aria-label*="unread message"]')
  File "C:\Users\Najma-LP\AppData\Local\Programs\Python\Python313\Lib\site-packages\playwright\sync_api\_generated.py", line 8142, in query_selector_all
    self._sync(self._impl_obj.query_selector_all(selector=selector))
    ~~~~~~~~~~^^^^^^^^^^^^^^^^^^^^^^^^^^^^^^^^^^^^^^^^^^^^^^^^^^^^^^
  File "C:\Users\Najma-LP\AppData\Local\Programs\Python\Python313\Lib\site-packages\playwright\_impl\_sync_base.py", line 115, in _sync
    return task.result()
           ~~~~~~~~~~~^^
  File "C:\Users\Najma-LP\AppData\Local\Programs\Python\Python313\Lib\site-packages\playwright\_impl\_page.py", line 410, in query_selector_all
    return await self._main_frame.query_selector_all(selector)
           ^^^^^^^^^^^^^^^^^^^^^^^^^^^^^^^^^^^^^^^^^^^^^^^^^^^
  File "C:\Users\Najma-LP\AppData\Local\Programs\Python\Python313\Lib\site-packages\playwright\_impl\_frame.py", line 355, in query_selector_all
    await self._channel.send(
    ^^^^^^^^^^^^^^^^^^^^^^^^^
        "querySelectorAll", None, dict(selector=selector)
        ^^^^^^^^^^^^^^^^^^^^^^^^^^^^^^^^^^^^^^^^^^^^^^^^^
    ),
    ^
  File "C:\Users\Najma-LP\AppData\Local\Programs\Python\Python313\Lib\site-packages\playwright\_impl\_connection.py", line 69, in send
    return await self._connection.wrap_api_call(
           ^^^^^^^^^^^^^^^^^^^^^^^^^^^^^^^^^^^^^
    ...<3 lines>...
    )
    ^
  File "C:\Users\Najma-LP\AppData\Local\Programs\Python\Python313\Lib\site-packages\playwright\_impl\_connection.py", line 559, in wrap_api_call
    raise rewrite_error(error, f"{parsed_st['apiName']}: {error}") from None
playwright._impl._errors.TargetClosedError: Page.query_selector_all: Target page, context or browser has been closed
2026-01-14 13:01:00 - WhatsAppWatcher - ERROR - Error checking for updates: Page.query_selector_all: Target page, context or browser has been closed
Traceback (most recent call last):
  File "C:\Users\Najma-LP\Desktop\My Vault\watchers\whatsapp_watcher.py", line 248, in check_for_updates
    unread_chats = self.page.query_selector_all('[data-testid="cell-frame-container"] [aria-label*="unread message"]')
  File "C:\Users\Najma-LP\AppData\Local\Programs\Python\Python313\Lib\site-packages\playwright\sync_api\_generated.py", line 8142, in query_selector_all
    self._sync(self._impl_obj.query_selector_all(selector=selector))
    ~~~~~~~~~~^^^^^^^^^^^^^^^^^^^^^^^^^^^^^^^^^^^^^^^^^^^^^^^^^^^^^^
  File "C:\Users\Najma-LP\AppData\Local\Programs\Python\Python313\Lib\site-packages\playwright\_impl\_sync_base.py", line 115, in _sync
    return task.result()
           ~~~~~~~~~~~^^
  File "C:\Users\Najma-LP\AppData\Local\Programs\Python\Python313\Lib\site-packages\playwright\_impl\_page.py", line 410, in query_selector_all
    return await self._main_frame.query_selector_all(selector)
           ^^^^^^^^^^^^^^^^^^^^^^^^^^^^^^^^^^^^^^^^^^^^^^^^^^^
  File "C:\Users\Najma-LP\AppData\Local\Programs\Python\Python313\Lib\site-packages\playwright\_impl\_frame.py", line 355, in query_selector_all
    await self._channel.send(
    ^^^^^^^^^^^^^^^^^^^^^^^^^
        "querySelectorAll", None, dict(selector=selector)
        ^^^^^^^^^^^^^^^^^^^^^^^^^^^^^^^^^^^^^^^^^^^^^^^^^
    ),
    ^
  File "C:\Users\Najma-LP\AppData\Local\Programs\Python\Python313\Lib\site-packages\playwright\_impl\_connection.py", line 69, in send
    return await self._connection.wrap_api_call(
           ^^^^^^^^^^^^^^^^^^^^^^^^^^^^^^^^^^^^^
    ...<3 lines>...
    )
    ^
  File "C:\Users\Najma-LP\AppData\Local\Programs\Python\Python313\Lib\site-packages\playwright\_impl\_connection.py", line 559, in wrap_api_call
    raise rewrite_error(error, f"{parsed_st['apiName']}: {error}") from None
playwright._impl._errors.TargetClosedError: Page.query_selector_all: Target page, context or browser has been closed
2026-01-14 13:01:30 - WhatsAppWatcher - ERROR - Error checking for updates: Page.query_selector_all: Target page, context or browser has been closed
Traceback (most recent call last):
  File "C:\Users\Najma-LP\Desktop\My Vault\watchers\whatsapp_watcher.py", line 248, in check_for_updates
    unread_chats = self.page.query_selector_all('[data-testid="cell-frame-container"] [aria-label*="unread message"]')
  File "C:\Users\Najma-LP\AppData\Local\Programs\Python\Python313\Lib\site-packages\playwright\sync_api\_generated.py", line 8142, in query_selector_all
    self._sync(self._impl_obj.query_selector_all(selector=selector))
    ~~~~~~~~~~^^^^^^^^^^^^^^^^^^^^^^^^^^^^^^^^^^^^^^^^^^^^^^^^^^^^^^
  File "C:\Users\Najma-LP\AppData\Local\Programs\Python\Python313\Lib\site-packages\playwright\_impl\_sync_base.py", line 115, in _sync
    return task.result()
           ~~~~~~~~~~~^^
  File "C:\Users\Najma-LP\AppData\Local\Programs\Python\Python313\Lib\site-packages\playwright\_impl\_page.py", line 410, in query_selector_all
    return await self._main_frame.query_selector_all(selector)
           ^^^^^^^^^^^^^^^^^^^^^^^^^^^^^^^^^^^^^^^^^^^^^^^^^^^
  File "C:\Users\Najma-LP\AppData\Local\Programs\Python\Python313\Lib\site-packages\playwright\_impl\_frame.py", line 355, in query_selector_all
    await self._channel.send(
    ^^^^^^^^^^^^^^^^^^^^^^^^^
        "querySelectorAll", None, dict(selector=selector)
        ^^^^^^^^^^^^^^^^^^^^^^^^^^^^^^^^^^^^^^^^^^^^^^^^^
    ),
    ^
  File "C:\Users\Najma-LP\AppData\Local\Programs\Python\Python313\Lib\site-packages\playwright\_impl\_connection.py", line 69, in send
    return await self._connection.wrap_api_call(
           ^^^^^^^^^^^^^^^^^^^^^^^^^^^^^^^^^^^^^
    ...<3 lines>...
    )
    ^
  File "C:\Users\Najma-LP\AppData\Local\Programs\Python\Python313\Lib\site-packages\playwright\_impl\_connection.py", line 559, in wrap_api_call
    raise rewrite_error(error, f"{parsed_st['apiName']}: {error}") from None
playwright._impl._errors.TargetClosedError: Page.query_selector_all: Target page, context or browser has been closed
2026-01-14 13:02:00 - WhatsAppWatcher - ERROR - Error checking for updates: Page.query_selector_all: Target page, context or browser has been closed
Traceback (most recent call last):
  File "C:\Users\Najma-LP\Desktop\My Vault\watchers\whatsapp_watcher.py", line 248, in check_for_updates
    unread_chats = self.page.query_selector_all('[data-testid="cell-frame-container"] [aria-label*="unread message"]')
  File "C:\Users\Najma-LP\AppData\Local\Programs\Python\Python313\Lib\site-packages\playwright\sync_api\_generated.py", line 8142, in query_selector_all
    self._sync(self._impl_obj.query_selector_all(selector=selector))
    ~~~~~~~~~~^^^^^^^^^^^^^^^^^^^^^^^^^^^^^^^^^^^^^^^^^^^^^^^^^^^^^^
  File "C:\Users\Najma-LP\AppData\Local\Programs\Python\Python313\Lib\site-packages\playwright\_impl\_sync_base.py", line 115, in _sync
    return task.result()
           ~~~~~~~~~~~^^
  File "C:\Users\Najma-LP\AppData\Local\Programs\Python\Python313\Lib\site-packages\playwright\_impl\_page.py", line 410, in query_selector_all
    return await self._main_frame.query_selector_all(selector)
           ^^^^^^^^^^^^^^^^^^^^^^^^^^^^^^^^^^^^^^^^^^^^^^^^^^^
  File "C:\Users\Najma-LP\AppData\Local\Programs\Python\Python313\Lib\site-packages\playwright\_impl\_frame.py", line 355, in query_selector_all
    await self._channel.send(
    ^^^^^^^^^^^^^^^^^^^^^^^^^
        "querySelectorAll", None, dict(selector=selector)
        ^^^^^^^^^^^^^^^^^^^^^^^^^^^^^^^^^^^^^^^^^^^^^^^^^
    ),
    ^
  File "C:\Users\Najma-LP\AppData\Local\Programs\Python\Python313\Lib\site-packages\playwright\_impl\_connection.py", line 69, in send
    return await self._connection.wrap_api_call(
           ^^^^^^^^^^^^^^^^^^^^^^^^^^^^^^^^^^^^^
    ...<3 lines>...
    )
    ^
  File "C:\Users\Najma-LP\AppData\Local\Programs\Python\Python313\Lib\site-packages\playwright\_impl\_connection.py", line 559, in wrap_api_call
    raise rewrite_error(error, f"{parsed_st['apiName']}: {error}") from None
playwright._impl._errors.TargetClosedError: Page.query_selector_all: Target page, context or browser has been closed
2026-01-14 13:02:33 - WhatsAppWatcher - INFO - WhatsAppWatcher initialized
2026-01-14 13:02:33 - WhatsAppWatcher - INFO -   Vault: C:\Users\Najma-LP\Desktop\My Vault\AI_Employee_Vault
2026-01-14 13:02:33 - WhatsAppWatcher - INFO -   Output: C:\Users\Najma-LP\Desktop\My Vault\AI_Employee_Vault\Needs_Action
2026-01-14 13:02:33 - WhatsAppWatcher - INFO -   Check interval: 30s
2026-01-14 13:02:33 - WhatsAppWatcher - INFO - Keywords: urgent, asap, emergency, critical, help, invoice, payment, pay, bill, deadline, today, now, immediately, important, priority, attention
2026-01-14 13:02:33 - WhatsAppWatcher - INFO - Session path: C:\Users\Najma-LP\Desktop\My Vault\watchers\whatsapp_session
2026-01-14 13:02:33 - WhatsAppWatcher - INFO - Headless mode: False
2026-01-14 13:02:33 - WhatsAppWatcher - INFO - Initializing browser...
2026-01-14 13:02:34 - WhatsAppWatcher - INFO - Navigating to WhatsApp Web...
2026-01-14 13:02:36 - WhatsAppWatcher - INFO - Waiting for page to load...
2026-01-14 13:02:39 - WhatsAppWatcher - INFO - Detecting WhatsApp Web interface...
2026-01-14 13:02:44 - WhatsAppWatcher - INFO - ✓ WhatsApp Web loaded successfully (found: div[aria-label="Chat list"])
2026-01-14 13:02:44 - WhatsAppWatcher - INFO - ======================================================================
2026-01-14 13:02:44 - WhatsAppWatcher - INFO - WhatsAppWatcher started
2026-01-14 13:02:44 - WhatsAppWatcher - INFO - Check interval: 30 seconds
2026-01-14 13:02:44 - WhatsAppWatcher - INFO - Press Ctrl+C to stop
2026-01-14 13:02:44 - WhatsAppWatcher - INFO - ======================================================================
