2026-01-14 12:33:53 - XeroWatcher - INFO - Loaded 5 processed items from cache
2026-01-14 12:33:53 - XeroWatcher - INFO - XeroWatcher initialized
2026-01-14 12:33:53 - XeroWatcher - INFO -   Vault: C:\Users\Najma-LP\Desktop\My Vault\AI_Employee_Vault
2026-01-14 12:33:53 - XeroWatcher - INFO -   Output: C:\Users\Najma-LP\Desktop\My Vault\AI_Employee_Vault\Needs_Action
2026-01-14 12:33:53 - XeroWatcher - INFO -   Check interval: 300s
2026-01-14 12:33:53 - XeroWatcher - WARNING - Xero credentials not found at C:\Users\Najma-LP\Desktop\My Vault\AI_Employee_Vault\watchers\credentials\xero_credentials.json
Please set up Xero OAuth credentials. See: xero_setup.md
2026-01-14 12:33:53 - XeroWatcher - INFO - Xero Watcher initialized
2026-01-14 12:33:53 - XeroWatcher - INFO -   Monitoring: Invoices, Bills, Transactions
2026-01-14 12:33:53 - XeroWatcher - INFO -   Alert threshold: $500.0
2026-01-14 12:33:53 - XeroWatcher - INFO - ======================================================================
2026-01-14 12:33:53 - XeroWatcher - INFO - XeroWatcher started
2026-01-14 12:33:53 - XeroWatcher - INFO - Check interval: 300 seconds
2026-01-14 12:33:53 - XeroWatcher - INFO - Press Ctrl+C to stop
2026-01-14 12:33:53 - XeroWatcher - INFO - ======================================================================
2026-01-14 12:36:43 - XeroWatcher - INFO - Loaded 5 processed items from cache
2026-01-14 12:36:43 - XeroWatcher - INFO - XeroWatcher initialized
2026-01-14 12:36:43 - XeroWatcher - INFO -   Vault: C:\Users\Najma-LP\Desktop\My Vault\AI_Employee_Vault
2026-01-14 12:36:43 - XeroWatcher - INFO -   Output: C:\Users\Najma-LP\Desktop\My Vault\AI_Employee_Vault\Needs_Action
2026-01-14 12:36:43 - XeroWatcher - INFO -   Check interval: 300s
2026-01-14 12:36:43 - XeroWatcher - INFO - Using tenant: Textile
2026-01-14 12:36:43 - XeroWatcher - INFO - ✓ Connected to Xero API
2026-01-14 12:36:43 - XeroWatcher - INFO - Xero Watcher initialized
2026-01-14 12:36:43 - XeroWatcher - INFO -   Monitoring: Invoices, Bills, Transactions
2026-01-14 12:36:43 - XeroWatcher - INFO -   Alert threshold: $500.0
2026-01-14 12:36:43 - XeroWatcher - INFO - ======================================================================
2026-01-14 12:36:43 - XeroWatcher - INFO - XeroWatcher started
2026-01-14 12:36:43 - XeroWatcher - INFO - Check interval: 300 seconds
2026-01-14 12:36:43 - XeroWatcher - INFO - Press Ctrl+C to stop
2026-01-14 12:36:43 - XeroWatcher - INFO - ======================================================================
2026-01-14 12:36:44 - XeroWatcher - ERROR - Error checking invoices: TokenExpired: token expired at 01/12/2026 22:40:57
2026-01-14 12:36:45 - XeroWatcher - ERROR - Error checking bills: TokenExpired: token expired at 01/12/2026 22:40:57
2026-01-14 12:36:46 - XeroWatcher - ERROR - Error checking payments: TokenExpired: token expired at 01/12/2026 22:40:57
2026-01-14 12:36:46 - XeroWatcher - ERROR - Error checking overdue invoices: TokenExpired: token expired at 01/12/2026 22:40:57
2026-01-14 12:36:47 - XeroWatcher - ERROR - Error checking transactions: TokenExpired: token expired at 01/12/2026 22:40:57
2026-01-14 12:40:40 - XeroWatcher - INFO - Loaded 5 processed items from cache
2026-01-14 12:40:40 - XeroWatcher - INFO - XeroWatcher initialized
2026-01-14 12:40:40 - XeroWatcher - INFO -   Vault: C:\Users\Najma-LP\Desktop\My Vault\AI_Employee_Vault
2026-01-14 12:40:40 - XeroWatcher - INFO -   Output: C:\Users\Najma-LP\Desktop\My Vault\AI_Employee_Vault\Needs_Action
2026-01-14 12:40:40 - XeroWatcher - INFO -   Check interval: 300s
2026-01-14 12:40:40 - XeroWatcher - INFO - Using tenant: Textile
2026-01-14 12:40:40 - XeroWatcher - INFO - ✓ Connected to Xero API
2026-01-14 12:40:40 - XeroWatcher - INFO - Xero Watcher initialized
2026-01-14 12:40:40 - XeroWatcher - INFO -   Monitoring: Invoices, Bills, Transactions
2026-01-14 12:40:40 - XeroWatcher - INFO -   Alert threshold: $500.0
2026-01-14 12:40:40 - XeroWatcher - INFO - ======================================================================
2026-01-14 12:40:40 - XeroWatcher - INFO - XeroWatcher started
2026-01-14 12:40:40 - XeroWatcher - INFO - Check interval: 300 seconds
2026-01-14 12:40:40 - XeroWatcher - INFO - Press Ctrl+C to stop
2026-01-14 12:40:40 - XeroWatcher - INFO - ======================================================================
2026-01-14 12:40:41 - XeroWatcher - ERROR - Error checking invoices: {"Type":null,"Title":"Forbidden","Status":403,"Detail":"AuthenticationUnsuccessful","Instance":"c8434790-0b53-4e00-b438-58e5b076b22e","Extensions":{}}
2026-01-14 12:40:42 - XeroWatcher - ERROR - Error checking bills: {"Type":null,"Title":"Forbidden","Status":403,"Detail":"AuthenticationUnsuccessful","Instance":"e3cc7109-e027-4e4d-b52f-74483fe83a50","Extensions":{}}
2026-01-14 12:40:42 - XeroWatcher - ERROR - Error checking payments: {"Type":null,"Title":"Forbidden","Status":403,"Detail":"AuthenticationUnsuccessful","Instance":"4c761380-3ef8-47a0-8cd8-da0f0ec2a5b0","Extensions":{}}
2026-01-14 12:40:42 - XeroWatcher - ERROR - Error checking overdue invoices: {"Type":null,"Title":"Forbidden","Status":403,"Detail":"AuthenticationUnsuccessful","Instance":"91903cfa-b337-4113-91fd-89cca700ca2f","Extensions":{}}
2026-01-14 12:40:43 - XeroWatcher - ERROR - Error checking transactions: {"Type":null,"Title":"Forbidden","Status":403,"Detail":"AuthenticationUnsuccessful","Instance":"8338d4ff-d2ba-47c8-ac49-8f2e971a8064","Extensions":{}}
2026-01-14 12:52:06 - XeroWatcher - INFO - Loaded 5 processed items from cache
2026-01-14 12:52:06 - XeroWatcher - INFO - XeroWatcher initialized
2026-01-14 12:52:06 - XeroWatcher - INFO -   Vault: C:\Users\Najma-LP\Desktop\My Vault\AI_Employee_Vault
2026-01-14 12:52:06 - XeroWatcher - INFO -   Output: C:\Users\Najma-LP\Desktop\My Vault\AI_Employee_Vault\Needs_Action
2026-01-14 12:52:06 - XeroWatcher - INFO -   Check interval: 300s
2026-01-14 12:52:06 - XeroWatcher - INFO - Using tenant: Textile
2026-01-14 12:52:06 - XeroWatcher - INFO - ✓ Connected to Xero API
2026-01-14 12:52:06 - XeroWatcher - INFO - Xero Watcher initialized
2026-01-14 12:52:06 - XeroWatcher - INFO -   Monitoring: Invoices, Bills, Transactions
2026-01-14 12:52:06 - XeroWatcher - INFO -   Alert threshold: $500.0
2026-01-14 12:52:06 - XeroWatcher - INFO - ======================================================================
2026-01-14 12:52:06 - XeroWatcher - INFO - XeroWatcher started
2026-01-14 12:52:06 - XeroWatcher - INFO - Check interval: 300 seconds
2026-01-14 12:52:06 - XeroWatcher - INFO - Press Ctrl+C to stop
2026-01-14 12:52:06 - XeroWatcher - INFO - ======================================================================
2026-01-14 12:52:23 - XeroWatcher - INFO - Loaded 5 processed items from cache
2026-01-14 12:52:23 - XeroWatcher - INFO - XeroWatcher initialized
2026-01-14 12:52:23 - XeroWatcher - INFO -   Vault: C:\Users\Najma-LP\Desktop\My Vault\AI_Employee_Vault
2026-01-14 12:52:23 - XeroWatcher - INFO -   Output: C:\Users\Najma-LP\Desktop\My Vault\AI_Employee_Vault\Needs_Action
2026-01-14 12:52:23 - XeroWatcher - INFO -   Check interval: 300s
2026-01-14 12:52:23 - XeroWatcher - INFO - Using tenant: Textile
2026-01-14 12:52:23 - XeroWatcher - INFO - ✓ Connected to Xero API
2026-01-14 12:52:23 - XeroWatcher - INFO - Xero Watcher initialized
2026-01-14 12:52:23 - XeroWatcher - INFO -   Monitoring: Invoices, Bills, Transactions
2026-01-14 12:52:23 - XeroWatcher - INFO -   Alert threshold: $500.0
2026-01-14 12:52:23 - XeroWatcher - INFO - ======================================================================
2026-01-14 12:52:23 - XeroWatcher - INFO - XeroWatcher started
2026-01-14 12:52:23 - XeroWatcher - INFO - Check interval: 300 seconds
2026-01-14 12:52:23 - XeroWatcher - INFO - Press Ctrl+C to stop
2026-01-14 12:52:23 - XeroWatcher - INFO - ======================================================================
2026-01-14 12:52:53 - XeroWatcher - INFO - Loaded 5 processed items from cache
2026-01-14 12:52:53 - XeroWatcher - INFO - XeroWatcher initialized
2026-01-14 12:52:53 - XeroWatcher - INFO -   Vault: C:\Users\Najma-LP\Desktop\My Vault\AI_Employee_Vault
2026-01-14 12:52:53 - XeroWatcher - INFO -   Output: C:\Users\Najma-LP\Desktop\My Vault\AI_Employee_Vault\Needs_Action
2026-01-14 12:52:53 - XeroWatcher - INFO -   Check interval: 300s
2026-01-14 12:52:53 - XeroWatcher - INFO - Using tenant: Textile
2026-01-14 12:52:53 - XeroWatcher - INFO - ✓ Connected to Xero API
2026-01-14 12:52:53 - XeroWatcher - INFO - Xero Watcher initialized
2026-01-14 12:52:53 - XeroWatcher - INFO -   Monitoring: Invoices, Bills, Transactions
2026-01-14 12:52:53 - XeroWatcher - INFO -   Alert threshold: $500.0
2026-01-14 13:02:38 - XeroWatcher - INFO - Loaded 5 processed items from cache
2026-01-14 13:02:38 - XeroWatcher - INFO - XeroWatcher initialized
2026-01-14 13:02:38 - XeroWatcher - INFO -   Vault: C:\Users\Najma-LP\Desktop\My Vault\AI_Employee_Vault
2026-01-14 13:02:38 - XeroWatcher - INFO -   Output: C:\Users\Najma-LP\Desktop\My Vault\AI_Employee_Vault\Needs_Action
2026-01-14 13:02:38 - XeroWatcher - INFO -   Check interval: 300s
2026-01-14 13:02:38 - XeroWatcher - INFO - Using tenant: Textile
2026-01-14 13:02:38 - XeroWatcher - INFO - ✓ Connected to Xero API
2026-01-14 13:02:38 - XeroWatcher - INFO - Xero Watcher initialized
2026-01-14 13:02:38 - XeroWatcher - INFO -   Monitoring: Invoices, Bills, Transactions
2026-01-14 13:02:38 - XeroWatcher - INFO -   Alert threshold: $500.0
2026-01-14 13:02:38 - XeroWatcher - INFO - ======================================================================
2026-01-14 13:02:38 - XeroWatcher - INFO - XeroWatcher started
2026-01-14 13:02:38 - XeroWatcher - INFO - Check interval: 300 seconds
2026-01-14 13:02:38 - XeroWatcher - INFO - Press Ctrl+C to stop
2026-01-14 13:02:38 - XeroWatcher - INFO - ======================================================================
2026-01-14 13:22:50 - XeroWatcher - ERROR - Error checking invoices: {"Type":null,"Title":"Forbidden","Status":403,"Detail":"AuthenticationUnsuccessful","Instance":"86a8c74c-f08e-40b6-947e-e44e9cfe6890","Extensions":{}}
2026-01-14 13:22:50 - XeroWatcher - ERROR - Error checking bills: {"Type":null,"Title":"Forbidden","Status":403,"Detail":"AuthenticationUnsuccessful","Instance":"ac610477-2a0b-4f9a-b214-02f2c8b06bb0","Extensions":{}}
2026-01-14 13:22:50 - XeroWatcher - ERROR - Error checking payments: {"Type":null,"Title":"Forbidden","Status":403,"Detail":"AuthenticationUnsuccessful","Instance":"2002d767-2cce-4fff-890b-8211c07f3f96","Extensions":{}}
2026-01-14 13:22:51 - XeroWatcher - ERROR - Error checking overdue invoices: {"Type":null,"Title":"Forbidden","Status":403,"Detail":"AuthenticationUnsuccessful","Instance":"6f8d08ed-cb24-4f83-8224-d70c62076f4d","Extensions":{}}
2026-01-14 13:22:51 - XeroWatcher - ERROR - Error checking transactions: {"Type":null,"Title":"Forbidden","Status":403,"Detail":"AuthenticationUnsuccessful","Instance":"09d61a27-922d-44e7-80b8-1b83d2ba30f6","Extensions":{}}
2026-01-14 13:27:52 - XeroWatcher - ERROR - Error checking invoices: TokenExpired: token expired at 01/14/2026 08:21:56
2026-01-14 13:27:52 - XeroWatcher - ERROR - Error checking bills: TokenExpired: token expired at 01/14/2026 08:21:56
2026-01-14 13:27:52 - XeroWatcher - ERROR - Error checking payments: TokenExpired: token expired at 01/14/2026 08:21:56
2026-01-14 13:27:53 - XeroWatcher - ERROR - Error checking overdue invoices: TokenExpired: token expired at 01/14/2026 08:21:56
2026-01-14 13:27:53 - XeroWatcher - ERROR - Error checking transactions: TokenExpired: token expired at 01/14/2026 08:21:56
2026-01-14 13:32:53 - XeroWatcher - ERROR - Error checking invoices: (token_expired) 
2026-01-14 13:32:53 - XeroWatcher - ERROR - Error checking bills: (token_expired) 
2026-01-14 13:32:53 - XeroWatcher - ERROR - Error checking payments: (token_expired) 
2026-01-14 13:32:53 - XeroWatcher - ERROR - Error checking overdue invoices: (token_expired) 
2026-01-14 13:32:53 - XeroWatcher - ERROR - Error checking transactions: (token_expired) 
2026-01-14 13:37:53 - XeroWatcher - ERROR - Error checking invoices: (token_expired) 
2026-01-14 13:37:53 - XeroWatcher - ERROR - Error checking bills: (token_expired) 
2026-01-14 13:37:53 - XeroWatcher - ERROR - Error checking payments: (token_expired) 
2026-01-14 13:37:53 - XeroWatcher - ERROR - Error checking overdue invoices: (token_expired) 
2026-01-14 13:37:53 - XeroWatcher - ERROR - Error checking transactions: (token_expired) 
