2026-01-13 02:51:23 - XeroWatcher - INFO - XeroWatcher initialized
2026-01-13 02:51:23 - XeroWatcher - INFO -   Vault: C:\Users\Najma-LP\Desktop\My Vault
2026-01-13 02:51:23 - XeroWatcher - INFO -   Output: C:\Users\Najma-LP\Desktop\My Vault\Needs_Action
2026-01-13 02:51:23 - XeroWatcher - INFO -   Check interval: 300s
2026-01-13 02:51:23 - XeroWatcher - WARNING - Xero library not available - using mock mode
2026-01-13 02:51:23 - XeroWatcher - INFO - Xero Watcher initialized
2026-01-13 02:51:23 - XeroWatcher - INFO -   Monitoring: Invoices, Bills, Transactions
2026-01-13 02:51:23 - XeroWatcher - INFO -   Alert threshold: $500.0
2026-01-13 02:51:23 - XeroWatcher - INFO - ======================================================================
2026-01-13 02:51:23 - XeroWatcher - INFO - XeroWatcher started
2026-01-13 02:51:23 - XeroWatcher - INFO - Check interval: 300 seconds
2026-01-13 02:51:23 - XeroWatcher - INFO - Press Ctrl+C to stop
2026-01-13 02:51:23 - XeroWatcher - INFO - ======================================================================
2026-01-13 02:51:23 - XeroWatcher - INFO - Found 4 new financial event(s)
2026-01-13 02:51:23 - XeroWatcher - INFO - Found 4 new item(s)
2026-01-13 02:51:23 - XeroWatcher - INFO - ✓ Created task: xero_new_invoice_20260113_025123.md
2026-01-13 02:51:23 - XeroWatcher - INFO - ✓ Created task: xero_new_bill_20260113_025123.md
2026-01-13 02:51:23 - XeroWatcher - INFO - ✓ Created task: xero_payment_received_20260113_025123.md
2026-01-13 02:51:23 - XeroWatcher - INFO - ✓ Created task: xero_large_transaction_20260113_025123.md
2026-01-13 02:52:14 - XeroWatcher - INFO - Loaded 4 processed items from cache
2026-01-13 02:52:14 - XeroWatcher - INFO - XeroWatcher initialized
2026-01-13 02:52:14 - XeroWatcher - INFO -   Vault: C:\Users\Najma-LP\Desktop\My Vault
2026-01-13 02:52:14 - XeroWatcher - INFO -   Output: C:\Users\Najma-LP\Desktop\My Vault\Needs_Action
2026-01-13 02:52:14 - XeroWatcher - INFO -   Check interval: 300s
2026-01-13 02:52:14 - XeroWatcher - INFO - ✓ Connected to Xero API
2026-01-13 02:52:14 - XeroWatcher - INFO - Xero Watcher initialized
2026-01-13 02:52:14 - XeroWatcher - INFO -   Monitoring: Invoices, Bills, Transactions
2026-01-13 02:52:14 - XeroWatcher - INFO -   Alert threshold: $500.0
2026-01-13 02:52:14 - XeroWatcher - INFO - ======================================================================
2026-01-13 02:52:14 - XeroWatcher - INFO - XeroWatcher started
2026-01-13 02:52:14 - XeroWatcher - INFO - Check interval: 300 seconds
2026-01-13 02:52:14 - XeroWatcher - INFO - Press Ctrl+C to stop
2026-01-13 02:52:14 - XeroWatcher - INFO - ======================================================================
2026-01-13 02:52:14 - XeroWatcher - ERROR - Error checking invoices: 
2026-01-13 02:52:14 - XeroWatcher - ERROR - Error checking bills: 
2026-01-13 02:52:14 - XeroWatcher - ERROR - Error checking payments: 
2026-01-13 02:52:14 - XeroWatcher - ERROR - Error checking overdue invoices: 
2026-01-13 02:52:14 - XeroWatcher - ERROR - Error checking transactions: 
2026-01-13 02:57:14 - XeroWatcher - ERROR - Error checking invoices: 
2026-01-13 02:57:14 - XeroWatcher - ERROR - Error checking bills: 
2026-01-13 02:57:14 - XeroWatcher - ERROR - Error checking payments: 
2026-01-13 02:57:14 - XeroWatcher - ERROR - Error checking overdue invoices: 
2026-01-13 02:57:14 - XeroWatcher - ERROR - Error checking transactions: 
2026-01-13 02:59:50 - XeroWatcher - INFO - Loaded 4 processed items from cache
2026-01-13 02:59:50 - XeroWatcher - INFO - XeroWatcher initialized
2026-01-13 02:59:50 - XeroWatcher - INFO -   Vault: C:\Users\Najma-LP\Desktop\My Vault
2026-01-13 02:59:50 - XeroWatcher - INFO -   Output: C:\Users\Najma-LP\Desktop\My Vault\Needs_Action
2026-01-13 02:59:50 - XeroWatcher - INFO -   Check interval: 300s
2026-01-13 02:59:50 - XeroWatcher - INFO - ✓ Connected to Xero API
2026-01-13 02:59:50 - XeroWatcher - INFO - Xero Watcher initialized
2026-01-13 02:59:50 - XeroWatcher - INFO -   Monitoring: Invoices, Bills, Transactions
2026-01-13 02:59:50 - XeroWatcher - INFO -   Alert threshold: $500.0
2026-01-13 02:59:50 - XeroWatcher - INFO - ======================================================================
2026-01-13 02:59:50 - XeroWatcher - INFO - XeroWatcher started
2026-01-13 02:59:50 - XeroWatcher - INFO - Check interval: 300 seconds
2026-01-13 02:59:50 - XeroWatcher - INFO - Press Ctrl+C to stop
2026-01-13 02:59:50 - XeroWatcher - INFO - ======================================================================
2026-01-13 02:59:50 - XeroWatcher - ERROR - Error checking invoices: 
2026-01-13 02:59:50 - XeroWatcher - ERROR - Error checking bills: 
2026-01-13 02:59:50 - XeroWatcher - ERROR - Error checking payments: 
2026-01-13 02:59:50 - XeroWatcher - ERROR - Error checking overdue invoices: 
2026-01-13 02:59:50 - XeroWatcher - ERROR - Error checking transactions: 
2026-01-13 03:02:14 - XeroWatcher - ERROR - Error checking invoices: 
2026-01-13 03:02:14 - XeroWatcher - ERROR - Error checking bills: 
2026-01-13 03:02:14 - XeroWatcher - ERROR - Error checking payments: 
2026-01-13 03:02:14 - XeroWatcher - ERROR - Error checking overdue invoices: 
2026-01-13 03:02:14 - XeroWatcher - ERROR - Error checking transactions: 
2026-01-13 03:02:48 - XeroWatcher - INFO - Loaded 4 processed items from cache
2026-01-13 03:02:48 - XeroWatcher - INFO - XeroWatcher initialized
2026-01-13 03:02:48 - XeroWatcher - INFO -   Vault: C:\Users\Najma-LP\Desktop\My Vault
2026-01-13 03:02:48 - XeroWatcher - INFO -   Output: C:\Users\Najma-LP\Desktop\My Vault\Needs_Action
2026-01-13 03:02:48 - XeroWatcher - INFO -   Check interval: 300s
2026-01-13 03:02:48 - XeroWatcher - INFO - Using tenant: Textile
2026-01-13 03:02:48 - XeroWatcher - INFO - ✓ Connected to Xero API
2026-01-13 03:02:48 - XeroWatcher - INFO - Xero Watcher initialized
2026-01-13 03:02:48 - XeroWatcher - INFO -   Monitoring: Invoices, Bills, Transactions
2026-01-13 03:02:48 - XeroWatcher - INFO -   Alert threshold: $500.0
2026-01-13 03:02:48 - XeroWatcher - INFO - ======================================================================
2026-01-13 03:02:48 - XeroWatcher - INFO - XeroWatcher started
2026-01-13 03:02:48 - XeroWatcher - INFO - Check interval: 300 seconds
2026-01-13 03:02:48 - XeroWatcher - INFO - Press Ctrl+C to stop
2026-01-13 03:02:48 - XeroWatcher - INFO - ======================================================================
2026-01-13 03:07:14 - XeroWatcher - ERROR - Error checking invoices: 
2026-01-13 03:07:14 - XeroWatcher - ERROR - Error checking bills: 
2026-01-13 03:07:14 - XeroWatcher - ERROR - Error checking payments: 
2026-01-13 03:07:14 - XeroWatcher - ERROR - Error checking overdue invoices: 
2026-01-13 03:07:14 - XeroWatcher - ERROR - Error checking transactions: 
2026-01-13 03:11:24 - XeroWatcher - INFO - Loaded 4 processed items from cache
2026-01-13 03:11:24 - XeroWatcher - INFO - XeroWatcher initialized
2026-01-13 03:11:24 - XeroWatcher - INFO -   Vault: C:\Users\Najma-LP\Desktop\My Vault
2026-01-13 03:11:24 - XeroWatcher - INFO -   Output: C:\Users\Najma-LP\Desktop\My Vault\Needs_Action
2026-01-13 03:11:24 - XeroWatcher - INFO -   Check interval: 300s
2026-01-13 03:11:24 - XeroWatcher - INFO - Using tenant: Textile
2026-01-13 03:11:24 - XeroWatcher - INFO - ✓ Connected to Xero API
2026-01-13 03:11:24 - XeroWatcher - INFO - Xero Watcher initialized
2026-01-13 03:11:24 - XeroWatcher - INFO -   Monitoring: Invoices, Bills, Transactions
2026-01-13 03:11:24 - XeroWatcher - INFO -   Alert threshold: $500.0
2026-01-13 03:11:24 - XeroWatcher - INFO - ======================================================================
2026-01-13 03:11:24 - XeroWatcher - INFO - XeroWatcher started
2026-01-13 03:11:24 - XeroWatcher - INFO - Check interval: 300 seconds
2026-01-13 03:11:24 - XeroWatcher - INFO - Press Ctrl+C to stop
2026-01-13 03:11:24 - XeroWatcher - INFO - ======================================================================
2026-01-13 03:11:27 - XeroWatcher - INFO - Found 1 new financial event(s)
2026-01-13 03:11:27 - XeroWatcher - INFO - Found 1 new item(s)
2026-01-13 03:11:27 - XeroWatcher - INFO - ✓ Created task: xero_new_invoice_20260113_031127.md
2026-01-13 03:12:14 - XeroWatcher - ERROR - Error checking invoices: 
2026-01-13 03:12:14 - XeroWatcher - ERROR - Error checking bills: 
2026-01-13 03:12:14 - XeroWatcher - ERROR - Error checking payments: 
2026-01-13 03:12:14 - XeroWatcher - ERROR - Error checking overdue invoices: 
2026-01-13 03:12:14 - XeroWatcher - ERROR - Error checking transactions: 
